mode: set
bitso-trading-platform/backtesting/cmd/main.go:46.45,49.16 2 0
bitso-trading-platform/backtesting/cmd/main.go:49.16,51.3 1 0
bitso-trading-platform/backtesting/cmd/main.go:54.2,78.100 8 0
bitso-trading-platform/backtesting/cmd/main.go:78.100,82.3 1 0
bitso-trading-platform/backtesting/cmd/main.go:139.2,152.8 2 0
bitso-trading-platform/backtesting/cmd/main.go:156.39,192.2 6 0
bitso-trading-platform/backtesting/cmd/main.go:195.50,201.6 4 0
bitso-trading-platform/backtesting/cmd/main.go:201.6,202.10 1 0
bitso-trading-platform/backtesting/cmd/main.go:203.19,209.63 4 0
bitso-trading-platform/backtesting/cmd/main.go:212.25,213.10 1 0
bitso-trading-platform/backtesting/cmd/main.go:219.38,227.12 5 0
bitso-trading-platform/backtesting/cmd/main.go:227.12,262.3 3 0
bitso-trading-platform/backtesting/cmd/main.go:265.2,265.9 1 0
bitso-trading-platform/backtesting/cmd/main.go:266.33,267.17 1 0
bitso-trading-platform/backtesting/cmd/main.go:267.17,270.4 2 0
bitso-trading-platform/backtesting/cmd/main.go:271.3,272.13 2 0
bitso-trading-platform/backtesting/cmd/main.go:274.28,276.49 2 0
bitso-trading-platform/backtesting/cmd/main.go:281.37,283.36 1 0
bitso-trading-platform/backtesting/cmd/main.go:283.36,285.3 1 0
bitso-trading-platform/backtesting/cmd/main.go:288.2,296.19 5 0
bitso-trading-platform/backtesting/cmd/main.go:299.13,302.16 2 0
bitso-trading-platform/backtesting/cmd/main.go:302.16,304.3 1 0
bitso-trading-platform/backtesting/cmd/main.go:307.2,307.34 1 0
bitso-trading-platform/backtesting/cmd/main.go:307.34,309.3 1 0
bitso-trading-platform/backtesting/cmd/main.go:311.2,311.48 1 0
bitso-trading-platform/backtesting/internal/metrics/collector.go:6.69,8.29 2 0
bitso-trading-platform/backtesting/internal/metrics/collector.go:8.29,11.3 2 0
bitso-trading-platform/backtesting/internal/metrics/collector.go:15.69,17.16 2 0
bitso-trading-platform/backtesting/internal/metrics/collector.go:17.16,20.3 2 0
bitso-trading-platform/backtesting/internal/metrics/collector.go:24.68,26.16 2 0
bitso-trading-platform/backtesting/internal/metrics/collector.go:26.16,29.3 2 0
bitso-trading-platform/backtesting/internal/metrics/collector.go:34.89,37.2 0 0
bitso-trading-platform/backtesting/internal/metrics/collector.go:41.111,45.2 0 0
bitso-trading-platform/backtesting/internal/metrics/collector.go:48.54,52.2 0 0
bitso-trading-platform/backtesting/internal/metrics/collector.go:55.108,59.2 0 0
bitso-trading-platform/backtesting/internal/metrics/collector.go:62.55,64.2 1 0
bitso-trading-platform/backtesting/internal/metrics/collector.go:67.55,69.2 1 0
bitso-trading-platform/backtesting/internal/metrics/collector.go:72.61,74.2 1 0
bitso-trading-platform/backtesting/internal/metrics/collector.go:77.62,79.2 1 0
bitso-trading-platform/backtesting/internal/metrics/collector.go:82.65,84.2 1 0
bitso-trading-platform/backtesting/internal/metrics/prometheus.go:32.64,95.2 1 0
bitso-trading-platform/backtesting/internal/metrics/prometheus.go:100.52,102.2 1 0
bitso-trading-platform/backtesting/internal/metrics/prometheus.go:105.91,108.2 2 0
bitso-trading-platform/backtesting/internal/metrics/prometheus.go:111.64,113.2 1 0
bitso-trading-platform/backtesting/internal/metrics/prometheus.go:116.61,118.2 1 0
bitso-trading-platform/backtesting/internal/metrics/prometheus.go:123.79,125.2 1 0
bitso-trading-platform/backtesting/internal/metrics/prometheus.go:128.90,130.2 1 0
bitso-trading-platform/backtesting/internal/metrics/prometheus.go:135.92,137.2 1 0
bitso-trading-platform/backtesting/internal/metrics/prometheus.go:142.70,144.2 1 0
bitso-trading-platform/backtesting/internal/metrics/prometheus.go:147.62,149.13 2 0
bitso-trading-platform/backtesting/internal/metrics/prometheus.go:149.13,151.3 1 0
bitso-trading-platform/backtesting/internal/metrics/prometheus.go:152.2,152.55 1 0
bitso-trading-platform/backtesting/internal/metrics/prometheus.go:156.82,158.13 2 0
bitso-trading-platform/backtesting/internal/metrics/prometheus.go:158.13,160.3 1 0
bitso-trading-platform/backtesting/internal/metrics/prometheus.go:161.2,161.55 1 0
bitso-trading-platform/backtesting/internal/config/config.go:77.45,79.2 1 0
bitso-trading-platform/backtesting/internal/config/config.go:82.43,84.2 1 0
bitso-trading-platform/backtesting/internal/config/loader.go:11.30,15.42 3 1
bitso-trading-platform/backtesting/internal/config/loader.go:15.42,17.3 1 0
bitso-trading-platform/backtesting/internal/config/loader.go:19.2,19.20 1 1
bitso-trading-platform/backtesting/internal/config/loader.go:23.28,70.2 1 1
bitso-trading-platform/backtesting/internal/config/loader.go:73.34,75.30 1 1
bitso-trading-platform/backtesting/internal/config/loader.go:75.30,77.3 1 0
bitso-trading-platform/backtesting/internal/config/loader.go:78.2,78.31 1 1
bitso-trading-platform/backtesting/internal/config/loader.go:78.31,80.3 1 0
bitso-trading-platform/backtesting/internal/config/loader.go:83.2,83.50 1 1
bitso-trading-platform/backtesting/internal/config/loader.go:83.50,85.3 1 0
bitso-trading-platform/backtesting/internal/config/loader.go:86.2,86.42 1 1
bitso-trading-platform/backtesting/internal/config/loader.go:86.42,88.3 1 0
bitso-trading-platform/backtesting/internal/config/loader.go:89.2,89.42 1 1
bitso-trading-platform/backtesting/internal/config/loader.go:89.42,91.3 1 0
bitso-trading-platform/backtesting/internal/config/loader.go:94.2,94.39 1 1
bitso-trading-platform/backtesting/internal/config/loader.go:94.39,96.3 1 0
bitso-trading-platform/backtesting/internal/config/loader.go:102.46,103.42 1 1
bitso-trading-platform/backtesting/internal/config/loader.go:103.42,105.3 1 1
bitso-trading-platform/backtesting/internal/config/loader.go:106.2,106.21 1 1
bitso-trading-platform/backtesting/internal/config/loader.go:110.52,112.20 2 1
bitso-trading-platform/backtesting/internal/config/loader.go:112.20,114.3 1 1
bitso-trading-platform/backtesting/internal/config/loader.go:116.2,117.16 2 1
bitso-trading-platform/backtesting/internal/config/loader.go:117.16,119.3 1 0
bitso-trading-platform/backtesting/internal/config/loader.go:121.2,121.14 1 1
bitso-trading-platform/backtesting/internal/config/loader.go:125.62,127.20 2 1
bitso-trading-platform/backtesting/internal/config/loader.go:127.20,129.3 1 1
bitso-trading-platform/backtesting/internal/config/loader.go:131.2,132.16 2 0
bitso-trading-platform/backtesting/internal/config/loader.go:132.16,134.3 1 0
bitso-trading-platform/backtesting/internal/config/loader.go:136.2,136.14 1 0
bitso-trading-platform/backtesting/internal/config/loader.go:140.55,142.20 2 1
bitso-trading-platform/backtesting/internal/config/loader.go:142.20,144.3 1 1
bitso-trading-platform/backtesting/internal/config/loader.go:146.2,147.16 2 1
bitso-trading-platform/backtesting/internal/config/loader.go:147.16,149.22 1 0
bitso-trading-platform/backtesting/internal/config/loader.go:149.22,151.4 1 0
bitso-trading-platform/backtesting/internal/config/loader.go:152.3,152.22 1 0
bitso-trading-platform/backtesting/internal/config/loader.go:152.22,154.4 1 0
bitso-trading-platform/backtesting/internal/config/loader.go:155.3,155.22 1 0
bitso-trading-platform/backtesting/internal/config/loader.go:158.2,158.14 1 1
bitso-trading-platform/backtesting/internal/config/loader.go:162.77,164.20 2 1
bitso-trading-platform/backtesting/internal/config/loader.go:164.20,166.3 1 1
bitso-trading-platform/backtesting/internal/config/loader.go:168.2,169.16 2 1
bitso-trading-platform/backtesting/internal/config/loader.go:169.16,171.3 1 0
bitso-trading-platform/backtesting/internal/config/loader.go:173.2,173.17 1 1
bitso-trading-platform/backtesting/internal/config/validation.go:9.35,10.58 1 1
bitso-trading-platform/backtesting/internal/config/validation.go:10.58,12.3 1 0
bitso-trading-platform/backtesting/internal/config/validation.go:14.2,14.64 1 1
bitso-trading-platform/backtesting/internal/config/validation.go:14.64,16.3 1 0
bitso-trading-platform/backtesting/internal/config/validation.go:18.2,18.54 1 1
bitso-trading-platform/backtesting/internal/config/validation.go:18.54,20.3 1 0
bitso-trading-platform/backtesting/internal/config/validation.go:22.2,22.58 1 1
bitso-trading-platform/backtesting/internal/config/validation.go:22.58,24.3 1 0
bitso-trading-platform/backtesting/internal/config/validation.go:26.2,26.62 1 1
bitso-trading-platform/backtesting/internal/config/validation.go:26.62,28.3 1 0
bitso-trading-platform/backtesting/internal/config/validation.go:30.2,30.58 1 1
bitso-trading-platform/backtesting/internal/config/validation.go:30.58,32.3 1 0
bitso-trading-platform/backtesting/internal/config/validation.go:34.2,34.58 1 1
bitso-trading-platform/backtesting/internal/config/validation.go:34.58,36.3 1 0
bitso-trading-platform/backtesting/internal/config/validation.go:38.2,38.12 1 1
bitso-trading-platform/backtesting/internal/config/validation.go:42.54,43.20 1 1
bitso-trading-platform/backtesting/internal/config/validation.go:43.20,45.3 1 1
bitso-trading-platform/backtesting/internal/config/validation.go:47.2,47.39 1 1
bitso-trading-platform/backtesting/internal/config/validation.go:47.39,49.3 1 1
bitso-trading-platform/backtesting/internal/config/validation.go:51.2,51.20 1 1
bitso-trading-platform/backtesting/internal/config/validation.go:51.20,53.3 1 0
bitso-trading-platform/backtesting/internal/config/validation.go:56.2,62.41 2 1
bitso-trading-platform/backtesting/internal/config/validation.go:62.41,64.3 1 1
bitso-trading-platform/backtesting/internal/config/validation.go:66.2,66.12 1 1
bitso-trading-platform/backtesting/internal/config/validation.go:70.60,71.23 1 1
bitso-trading-platform/backtesting/internal/config/validation.go:71.23,73.3 1 1
bitso-trading-platform/backtesting/internal/config/validation.go:76.2,76.95 1 1
bitso-trading-platform/backtesting/internal/config/validation.go:76.95,78.3 1 1
bitso-trading-platform/backtesting/internal/config/validation.go:80.2,80.22 1 1
bitso-trading-platform/backtesting/internal/config/validation.go:80.22,82.3 1 0
bitso-trading-platform/backtesting/internal/config/validation.go:84.2,84.24 1 1
bitso-trading-platform/backtesting/internal/config/validation.go:84.24,86.3 1 0
bitso-trading-platform/backtesting/internal/config/validation.go:88.2,88.25 1 1
bitso-trading-platform/backtesting/internal/config/validation.go:88.25,90.3 1 1
bitso-trading-platform/backtesting/internal/config/validation.go:92.2,92.24 1 1
bitso-trading-platform/backtesting/internal/config/validation.go:92.24,94.3 1 0
bitso-trading-platform/backtesting/internal/config/validation.go:96.2,96.12 1 1
bitso-trading-platform/backtesting/internal/config/validation.go:100.50,101.20 1 1
bitso-trading-platform/backtesting/internal/config/validation.go:101.20,103.3 1 0
bitso-trading-platform/backtesting/internal/config/validation.go:105.2,105.39 1 1
bitso-trading-platform/backtesting/internal/config/validation.go:105.39,107.3 1 0
bitso-trading-platform/backtesting/internal/config/validation.go:109.2,109.31 1 1
bitso-trading-platform/backtesting/internal/config/validation.go:109.31,111.3 1 0
bitso-trading-platform/backtesting/internal/config/validation.go:113.2,113.23 1 1
bitso-trading-platform/backtesting/internal/config/validation.go:113.23,115.3 1 0
bitso-trading-platform/backtesting/internal/config/validation.go:117.2,117.24 1 1
bitso-trading-platform/backtesting/internal/config/validation.go:117.24,119.3 1 0
bitso-trading-platform/backtesting/internal/config/validation.go:121.2,121.12 1 1
bitso-trading-platform/backtesting/internal/config/validation.go:125.54,132.27 2 1
bitso-trading-platform/backtesting/internal/config/validation.go:132.27,134.3 1 1
bitso-trading-platform/backtesting/internal/config/validation.go:137.2,137.42 1 1
bitso-trading-platform/backtesting/internal/config/validation.go:137.42,139.3 1 1
bitso-trading-platform/backtesting/internal/config/validation.go:141.2,141.27 1 1
bitso-trading-platform/backtesting/internal/config/validation.go:141.27,143.3 1 0
bitso-trading-platform/backtesting/internal/config/validation.go:145.2,145.30 1 1
bitso-trading-platform/backtesting/internal/config/validation.go:145.30,147.3 1 0
bitso-trading-platform/backtesting/internal/config/validation.go:149.2,149.12 1 1
bitso-trading-platform/backtesting/internal/config/validation.go:153.58,154.37 1 1
bitso-trading-platform/backtesting/internal/config/validation.go:154.37,156.3 1 0
bitso-trading-platform/backtesting/internal/config/validation.go:158.2,158.37 1 1
bitso-trading-platform/backtesting/internal/config/validation.go:158.37,160.3 1 0
bitso-trading-platform/backtesting/internal/config/validation.go:163.2,169.44 2 1
bitso-trading-platform/backtesting/internal/config/validation.go:169.44,171.3 1 0
bitso-trading-platform/backtesting/internal/config/validation.go:173.2,173.34 1 1
bitso-trading-platform/backtesting/internal/config/validation.go:173.34,175.3 1 0
bitso-trading-platform/backtesting/internal/config/validation.go:177.2,177.36 1 1
bitso-trading-platform/backtesting/internal/config/validation.go:177.36,179.3 1 0
bitso-trading-platform/backtesting/internal/config/validation.go:181.2,181.35 1 1
bitso-trading-platform/backtesting/internal/config/validation.go:181.35,183.3 1 0
bitso-trading-platform/backtesting/internal/config/validation.go:185.2,185.37 1 1
bitso-trading-platform/backtesting/internal/config/validation.go:185.37,187.3 1 0
bitso-trading-platform/backtesting/internal/config/validation.go:189.2,189.29 1 1
bitso-trading-platform/backtesting/internal/config/validation.go:189.29,191.3 1 0
bitso-trading-platform/backtesting/internal/config/validation.go:193.2,193.29 1 1
bitso-trading-platform/backtesting/internal/config/validation.go:193.29,195.3 1 0
bitso-trading-platform/backtesting/internal/config/validation.go:197.2,197.37 1 1
bitso-trading-platform/backtesting/internal/config/validation.go:197.37,199.3 1 0
bitso-trading-platform/backtesting/internal/config/validation.go:201.2,201.12 1 1
bitso-trading-platform/backtesting/internal/config/validation.go:205.54,216.46 2 1
bitso-trading-platform/backtesting/internal/config/validation.go:216.46,218.3 1 0
bitso-trading-platform/backtesting/internal/config/validation.go:221.2,225.31 2 1
bitso-trading-platform/backtesting/internal/config/validation.go:225.31,227.3 1 0
bitso-trading-platform/backtesting/internal/config/validation.go:230.2,230.22 1 1
bitso-trading-platform/backtesting/internal/config/validation.go:230.22,232.3 1 0
bitso-trading-platform/backtesting/internal/config/validation.go:234.2,234.12 1 1
bitso-trading-platform/backtesting/internal/config/validation.go:238.54,239.18 1 1
bitso-trading-platform/backtesting/internal/config/validation.go:239.18,241.3 1 0
bitso-trading-platform/backtesting/internal/config/validation.go:243.2,243.39 1 1
bitso-trading-platform/backtesting/internal/config/validation.go:243.39,245.3 1 0
bitso-trading-platform/backtesting/internal/config/validation.go:247.2,247.20 1 1
bitso-trading-platform/backtesting/internal/config/validation.go:247.20,249.3 1 0
bitso-trading-platform/backtesting/internal/config/validation.go:251.2,251.39 1 1
bitso-trading-platform/backtesting/internal/config/validation.go:251.39,253.3 1 0
bitso-trading-platform/backtesting/internal/config/validation.go:255.2,255.12 1 1
bitso-trading-platform/backtesting/internal/logger/logger.go:35.38,38.16 2 0
bitso-trading-platform/backtesting/internal/logger/logger.go:38.16,40.3 1 0
bitso-trading-platform/backtesting/internal/logger/logger.go:41.2,45.37 3 0
bitso-trading-platform/backtesting/internal/logger/logger.go:46.16,47.21 1 0
bitso-trading-platform/backtesting/internal/logger/logger.go:48.20,49.21 1 0
bitso-trading-platform/backtesting/internal/logger/logger.go:50.10,53.17 2 0
bitso-trading-platform/backtesting/internal/logger/logger.go:53.17,56.4 1 0
bitso-trading-platform/backtesting/internal/logger/logger.go:56.9,58.4 1 0
bitso-trading-platform/backtesting/internal/logger/logger.go:62.2,63.46 2 0
bitso-trading-platform/backtesting/internal/logger/logger.go:63.46,69.3 1 0
bitso-trading-platform/backtesting/internal/logger/logger.go:71.2,77.39 2 0
bitso-trading-platform/backtesting/internal/logger/logger.go:81.74,85.2 3 0
bitso-trading-platform/backtesting/internal/logger/logger.go:88.73,92.2 3 0
bitso-trading-platform/backtesting/internal/logger/logger.go:95.73,99.2 3 0
bitso-trading-platform/backtesting/internal/logger/logger.go:102.74,106.2 3 0
bitso-trading-platform/backtesting/internal/logger/logger.go:109.74,113.2 3 0
bitso-trading-platform/backtesting/internal/logger/logger.go:116.68,118.33 2 0
bitso-trading-platform/backtesting/internal/logger/logger.go:118.33,120.3 1 0
bitso-trading-platform/backtesting/internal/logger/logger.go:121.2,121.45 1 0
bitso-trading-platform/backtesting/internal/logger/logger.go:125.84,126.19 1 0
bitso-trading-platform/backtesting/internal/logger/logger.go:126.19,128.3 1 0
bitso-trading-platform/backtesting/internal/logger/logger.go:130.2,130.33 1 0
bitso-trading-platform/backtesting/internal/logger/logger.go:130.33,131.28 1 0
bitso-trading-platform/backtesting/internal/logger/logger.go:132.15,133.29 1 0
bitso-trading-platform/backtesting/internal/logger/logger.go:134.12,135.29 1 0
bitso-trading-platform/backtesting/internal/logger/logger.go:136.14,137.31 1 0
bitso-trading-platform/backtesting/internal/logger/logger.go:138.16,139.33 1 0
bitso-trading-platform/backtesting/internal/logger/logger.go:140.13,141.30 1 0
bitso-trading-platform/backtesting/internal/logger/logger.go:142.18,143.30 1 0
bitso-trading-platform/backtesting/internal/logger/logger.go:144.22,145.29 1 0
bitso-trading-platform/backtesting/internal/logger/logger.go:146.14,147.31 1 0
bitso-trading-platform/backtesting/internal/logger/logger.go:148.11,149.35 1 0
bitso-trading-platform/backtesting/internal/logger/logger.go:153.2,153.14 1 0
bitso-trading-platform/backtesting/internal/logger/logger.go:157.34,163.2 1 0
bitso-trading-platform/backtesting/internal/data/cache.go:22.87,28.2 1 0
bitso-trading-platform/backtesting/internal/data/cache.go:31.84,33.16 2 0
bitso-trading-platform/backtesting/internal/data/cache.go:33.16,34.23 1 0
bitso-trading-platform/backtesting/internal/data/cache.go:34.23,36.4 1 0
bitso-trading-platform/backtesting/internal/data/cache.go:37.3,37.53 1 0
bitso-trading-platform/backtesting/internal/data/cache.go:41.2,42.62 2 0
bitso-trading-platform/backtesting/internal/data/cache.go:42.62,44.3 1 0
bitso-trading-platform/backtesting/internal/data/cache.go:46.2,51.20 2 0
bitso-trading-platform/backtesting/internal/data/cache.go:55.89,58.16 2 0
bitso-trading-platform/backtesting/internal/data/cache.go:58.16,60.3 1 0
bitso-trading-platform/backtesting/internal/data/cache.go:63.2,63.65 1 0
bitso-trading-platform/backtesting/internal/data/cache.go:63.65,65.3 1 0
bitso-trading-platform/backtesting/internal/data/cache.go:67.2,73.12 2 0
bitso-trading-platform/backtesting/internal/data/cache.go:77.63,78.52 1 0
bitso-trading-platform/backtesting/internal/data/cache.go:78.52,80.3 1 0
bitso-trading-platform/backtesting/internal/data/cache.go:82.2,86.12 2 0
bitso-trading-platform/backtesting/internal/data/cache.go:90.50,95.21 3 0
bitso-trading-platform/backtesting/internal/data/cache.go:95.21,96.60 1 0
bitso-trading-platform/backtesting/internal/data/cache.go:96.60,101.4 1 0
bitso-trading-platform/backtesting/internal/data/cache.go:104.2,104.35 1 0
bitso-trading-platform/backtesting/internal/data/cache.go:104.35,106.3 1 0
bitso-trading-platform/backtesting/internal/data/cache.go:108.2,109.12 2 0
bitso-trading-platform/backtesting/internal/data/cache.go:113.89,119.2 1 0
bitso-trading-platform/backtesting/internal/data/cache.go:122.79,128.21 4 0
bitso-trading-platform/backtesting/internal/data/cache.go:128.21,130.3 1 0
bitso-trading-platform/backtesting/internal/data/cache.go:132.2,132.35 1 0
bitso-trading-platform/backtesting/internal/data/cache.go:132.35,134.3 1 0
bitso-trading-platform/backtesting/internal/data/cache.go:137.2,143.8 2 0
bitso-trading-platform/backtesting/internal/data/cache.go:147.49,149.2 1 0
bitso-trading-platform/backtesting/internal/data/cache.go:152.31,154.2 1 0
bitso-trading-platform/backtesting/internal/data/file_provider.go:24.72,29.2 1 1
bitso-trading-platform/backtesting/internal/data/file_provider.go:32.112,33.39 1 0
bitso-trading-platform/backtesting/internal/data/file_provider.go:33.39,35.3 1 0
bitso-trading-platform/backtesting/internal/data/file_provider.go:37.2,44.43 3 0
bitso-trading-platform/backtesting/internal/data/file_provider.go:44.43,54.54 4 0
bitso-trading-platform/backtesting/internal/data/file_provider.go:54.54,58.12 2 0
bitso-trading-platform/backtesting/internal/data/file_provider.go:62.3,63.17 2 0
bitso-trading-platform/backtesting/internal/data/file_provider.go:63.17,65.4 1 0
bitso-trading-platform/backtesting/internal/data/file_provider.go:68.3,68.36 1 0
bitso-trading-platform/backtesting/internal/data/file_provider.go:68.36,69.83 1 0
bitso-trading-platform/backtesting/internal/data/file_provider.go:69.83,71.5 1 0
bitso-trading-platform/backtesting/internal/data/file_provider.go:76.2,79.46 2 0
bitso-trading-platform/backtesting/internal/data/file_provider.go:79.46,81.3 1 0
bitso-trading-platform/backtesting/internal/data/file_provider.go:83.2,87.20 2 0
bitso-trading-platform/backtesting/internal/data/file_provider.go:91.109,92.39 1 0
bitso-trading-platform/backtesting/internal/data/file_provider.go:92.39,94.3 1 0
bitso-trading-platform/backtesting/internal/data/file_provider.go:96.2,98.12 2 0
bitso-trading-platform/backtesting/internal/data/file_provider.go:98.12,103.17 3 0
bitso-trading-platform/backtesting/internal/data/file_provider.go:103.17,106.4 2 0
bitso-trading-platform/backtesting/internal/data/file_provider.go:109.3,109.32 1 0
bitso-trading-platform/backtesting/internal/data/file_provider.go:109.32,110.11 1 0
bitso-trading-platform/backtesting/internal/data/file_provider.go:111.22,112.11 1 0
bitso-trading-platform/backtesting/internal/data/file_provider.go:113.28,113.28 0 0
bitso-trading-platform/backtesting/internal/data/file_provider.go:118.2,118.23 1 0
bitso-trading-platform/backtesting/internal/data/file_provider.go:122.91,126.16 3 0
bitso-trading-platform/backtesting/internal/data/file_provider.go:126.16,128.3 1 0
bitso-trading-platform/backtesting/internal/data/file_provider.go:130.2,130.21 1 0
bitso-trading-platform/backtesting/internal/data/file_provider.go:130.21,132.3 1 0
bitso-trading-platform/backtesting/internal/data/file_provider.go:135.2,136.29 2 0
bitso-trading-platform/backtesting/internal/data/file_provider.go:136.29,138.17 2 0
bitso-trading-platform/backtesting/internal/data/file_provider.go:138.17,139.12 1 0
bitso-trading-platform/backtesting/internal/data/file_provider.go:142.3,142.51 1 0
bitso-trading-platform/backtesting/internal/data/file_provider.go:142.51,144.4 1 0
bitso-trading-platform/backtesting/internal/data/file_provider.go:145.3,145.48 1 0
bitso-trading-platform/backtesting/internal/data/file_provider.go:145.48,147.4 1 0
bitso-trading-platform/backtesting/internal/data/file_provider.go:150.2,153.8 1 0
bitso-trading-platform/backtesting/internal/data/file_provider.go:157.118,159.16 2 0
bitso-trading-platform/backtesting/internal/data/file_provider.go:159.16,161.3 1 0
bitso-trading-platform/backtesting/internal/data/file_provider.go:163.2,165.19 2 0
bitso-trading-platform/backtesting/internal/data/file_provider.go:166.29,168.55 2 0
bitso-trading-platform/backtesting/internal/data/file_provider.go:168.55,170.4 1 0
bitso-trading-platform/backtesting/internal/data/file_provider.go:171.3,171.32 1 0
bitso-trading-platform/backtesting/internal/data/file_provider.go:171.32,173.4 1 0
bitso-trading-platform/backtesting/internal/data/file_provider.go:175.30,177.56 2 0
bitso-trading-platform/backtesting/internal/data/file_provider.go:177.56,179.4 1 0
bitso-trading-platform/backtesting/internal/data/file_provider.go:180.3,180.34 1 0
bitso-trading-platform/backtesting/internal/data/file_provider.go:180.34,182.4 1 0
bitso-trading-platform/backtesting/internal/data/file_provider.go:185.2,185.20 1 0
bitso-trading-platform/backtesting/internal/data/file_provider.go:189.122,197.2 1 1
bitso-trading-platform/backtesting/internal/data/file_provider.go:200.82,206.20 3 1
bitso-trading-platform/backtesting/internal/data/file_provider.go:206.20,208.3 1 1
bitso-trading-platform/backtesting/internal/data/file_provider.go:211.2,212.40 2 1
bitso-trading-platform/backtesting/internal/data/file_provider.go:216.38,218.2 1 1
bitso-trading-platform/backtesting/internal/data/file_provider.go:221.57,223.27 2 1
bitso-trading-platform/backtesting/internal/data/file_provider.go:223.27,224.30 1 1
bitso-trading-platform/backtesting/internal/data/file_provider.go:224.30,225.56 1 1
bitso-trading-platform/backtesting/internal/data/file_provider.go:225.56,227.5 1 1
bitso-trading-platform/backtesting/internal/data/market_data_provider.go:28.139,44.2 1 0
bitso-trading-platform/backtesting/internal/data/market_data_provider.go:47.118,48.39 1 0
bitso-trading-platform/backtesting/internal/data/market_data_provider.go:48.39,50.3 1 0
bitso-trading-platform/backtesting/internal/data/market_data_provider.go:52.2,60.20 2 0
bitso-trading-platform/backtesting/internal/data/market_data_provider.go:60.20,62.60 2 0
bitso-trading-platform/backtesting/internal/data/market_data_provider.go:62.60,68.4 2 0
bitso-trading-platform/backtesting/internal/data/market_data_provider.go:72.2,74.43 2 0
bitso-trading-platform/backtesting/internal/data/market_data_provider.go:74.43,75.20 1 0
bitso-trading-platform/backtesting/internal/data/market_data_provider.go:76.30,78.18 2 0
bitso-trading-platform/backtesting/internal/data/market_data_provider.go:78.18,80.5 1 0
bitso-trading-platform/backtesting/internal/data/market_data_provider.go:81.4,81.33 1 0
bitso-trading-platform/backtesting/internal/data/market_data_provider.go:81.33,83.5 1 0
bitso-trading-platform/backtesting/internal/data/market_data_provider.go:85.31,87.18 2 0
bitso-trading-platform/backtesting/internal/data/market_data_provider.go:87.18,89.5 1 0
bitso-trading-platform/backtesting/internal/data/market_data_provider.go:90.4,90.35 1 0
bitso-trading-platform/backtesting/internal/data/market_data_provider.go:90.35,92.5 1 0
bitso-trading-platform/backtesting/internal/data/market_data_provider.go:97.2,100.20 2 0
bitso-trading-platform/backtesting/internal/data/market_data_provider.go:100.20,102.60 2 0
bitso-trading-platform/backtesting/internal/data/market_data_provider.go:102.60,104.4 1 0
bitso-trading-platform/backtesting/internal/data/market_data_provider.go:107.2,111.20 2 0
bitso-trading-platform/backtesting/internal/data/market_data_provider.go:115.115,116.39 1 0
bitso-trading-platform/backtesting/internal/data/market_data_provider.go:116.39,118.3 1 0
bitso-trading-platform/backtesting/internal/data/market_data_provider.go:120.2,122.12 2 0
bitso-trading-platform/backtesting/internal/data/market_data_provider.go:122.12,127.17 3 0
bitso-trading-platform/backtesting/internal/data/market_data_provider.go:127.17,130.4 2 0
bitso-trading-platform/backtesting/internal/data/market_data_provider.go:133.3,133.32 1 0
bitso-trading-platform/backtesting/internal/data/market_data_provider.go:133.32,134.11 1 0
bitso-trading-platform/backtesting/internal/data/market_data_provider.go:135.22,136.11 1 0
bitso-trading-platform/backtesting/internal/data/market_data_provider.go:137.28,137.28 0 0
bitso-trading-platform/backtesting/internal/data/market_data_provider.go:142.2,142.23 1 0
bitso-trading-platform/backtesting/internal/data/market_data_provider.go:146.97,153.2 1 0
bitso-trading-platform/backtesting/internal/data/market_data_provider.go:156.140,164.15 6 0
bitso-trading-platform/backtesting/internal/data/market_data_provider.go:164.15,166.3 1 0
bitso-trading-platform/backtesting/internal/data/market_data_provider.go:166.8,168.3 1 0
bitso-trading-platform/backtesting/internal/data/market_data_provider.go:170.2,178.16 4 0
bitso-trading-platform/backtesting/internal/data/market_data_provider.go:178.16,180.3 1 0
bitso-trading-platform/backtesting/internal/data/market_data_provider.go:181.2,183.38 2 0
bitso-trading-platform/backtesting/internal/data/market_data_provider.go:183.38,186.3 2 0
bitso-trading-platform/backtesting/internal/data/market_data_provider.go:189.2,195.67 2 0
bitso-trading-platform/backtesting/internal/data/market_data_provider.go:195.67,197.3 1 0
bitso-trading-platform/backtesting/internal/data/market_data_provider.go:199.2,199.21 1 0
bitso-trading-platform/backtesting/internal/data/market_data_provider.go:199.21,201.3 1 0
bitso-trading-platform/backtesting/internal/data/market_data_provider.go:203.2,207.25 2 0
bitso-trading-platform/backtesting/internal/data/market_data_provider.go:211.131,228.16 9 0
bitso-trading-platform/backtesting/internal/data/market_data_provider.go:228.16,230.3 1 0
bitso-trading-platform/backtesting/internal/data/market_data_provider.go:231.2,233.38 2 0
bitso-trading-platform/backtesting/internal/data/market_data_provider.go:233.38,236.3 2 0
bitso-trading-platform/backtesting/internal/data/market_data_provider.go:239.2,245.67 2 0
bitso-trading-platform/backtesting/internal/data/market_data_provider.go:245.67,247.3 1 0
bitso-trading-platform/backtesting/internal/data/market_data_provider.go:249.2,249.21 1 0
bitso-trading-platform/backtesting/internal/data/market_data_provider.go:249.21,251.3 1 0
bitso-trading-platform/backtesting/internal/data/market_data_provider.go:253.2,253.25 1 0
bitso-trading-platform/backtesting/internal/data/market_data_provider.go:257.108,260.55 2 0
bitso-trading-platform/backtesting/internal/data/market_data_provider.go:260.55,261.18 1 0
bitso-trading-platform/backtesting/internal/data/market_data_provider.go:261.18,269.11 3 0
bitso-trading-platform/backtesting/internal/data/market_data_provider.go:270.22,271.26 1 0
bitso-trading-platform/backtesting/internal/data/market_data_provider.go:272.31,272.31 0 0
bitso-trading-platform/backtesting/internal/data/market_data_provider.go:277.3,278.17 2 0
bitso-trading-platform/backtesting/internal/data/market_data_provider.go:278.17,280.4 1 0
bitso-trading-platform/backtesting/internal/data/market_data_provider.go:283.3,288.17 4 0
bitso-trading-platform/backtesting/internal/data/market_data_provider.go:288.17,294.12 3 0
bitso-trading-platform/backtesting/internal/data/market_data_provider.go:298.3,298.19 1 0
bitso-trading-platform/backtesting/internal/data/market_data_provider.go:301.2,301.89 1 0
bitso-trading-platform/backtesting/internal/data/market_data_provider.go:305.81,308.27 2 0
bitso-trading-platform/backtesting/internal/data/market_data_provider.go:308.27,309.30 1 0
bitso-trading-platform/backtesting/internal/data/market_data_provider.go:309.30,310.56 1 0
bitso-trading-platform/backtesting/internal/data/market_data_provider.go:310.56,312.5 1 0
bitso-trading-platform/backtesting/internal/data/market_data_provider.go:318.44,320.20 2 0
bitso-trading-platform/backtesting/internal/data/market_data_provider.go:320.20,322.3 1 0
bitso-trading-platform/backtesting/internal/data/market_data_provider.go:323.2,323.12 1 0
bitso-trading-platform/backtesting/internal/data/provider.go:43.77,52.2 1 1
bitso-trading-platform/backtesting/internal/data/provider.go:55.40,56.18 1 1
bitso-trading-platform/backtesting/internal/data/provider.go:56.18,58.3 1 1
bitso-trading-platform/backtesting/internal/data/provider.go:60.2,60.26 1 1
bitso-trading-platform/backtesting/internal/data/provider.go:60.26,62.3 1 0
bitso-trading-platform/backtesting/internal/data/provider.go:64.2,64.24 1 1
bitso-trading-platform/backtesting/internal/data/provider.go:64.24,66.3 1 0
bitso-trading-platform/backtesting/internal/data/provider.go:68.2,68.35 1 1
bitso-trading-platform/backtesting/internal/data/provider.go:68.35,70.3 1 1
bitso-trading-platform/backtesting/internal/data/provider.go:72.2,72.28 1 1
bitso-trading-platform/backtesting/internal/data/provider.go:72.28,74.3 1 1
bitso-trading-platform/backtesting/internal/data/provider.go:77.2,82.41 2 1
bitso-trading-platform/backtesting/internal/data/provider.go:82.41,83.29 1 1
bitso-trading-platform/backtesting/internal/data/provider.go:83.29,85.4 1 0
bitso-trading-platform/backtesting/internal/data/provider.go:88.2,88.17 1 1
bitso-trading-platform/backtesting/internal/data/provider.go:88.17,90.3 1 1
bitso-trading-platform/backtesting/internal/data/provider.go:92.2,92.12 1 1
bitso-trading-platform/backtesting/internal/data/provider.go:96.51,98.2 1 1
bitso-trading-platform/backtesting/internal/data/provider.go:101.37,103.2 1 1
bitso-trading-platform/backtesting/internal/data/provider.go:106.84,109.2 2 1
bitso-trading-platform/backtesting/internal/data/provider.go:112.72,115.2 2 1
bitso-trading-platform/backtesting/internal/data/provider.go:118.57,121.2 2 1
bitso-trading-platform/backtesting/internal/data/provider.go:124.39,130.2 1 1
bitso-trading-platform/backtesting/internal/models/backtest.go:36.52,46.2 2 1
bitso-trading-platform/backtesting/internal/models/backtest.go:49.28,54.2 4 1
bitso-trading-platform/backtesting/internal/models/backtest.go:57.53,58.18 1 1
bitso-trading-platform/backtesting/internal/models/backtest.go:58.18,60.3 1 1
bitso-trading-platform/backtesting/internal/models/backtest.go:61.2,61.20 1 1
bitso-trading-platform/backtesting/internal/models/backtest.go:61.20,63.3 1 1
bitso-trading-platform/backtesting/internal/models/backtest.go:64.2,65.26 2 1
bitso-trading-platform/backtesting/internal/models/backtest.go:69.53,76.2 6 1
bitso-trading-platform/backtesting/internal/models/backtest.go:79.36,85.2 5 1
bitso-trading-platform/backtesting/internal/models/backtest.go:88.29,93.2 4 1
bitso-trading-platform/backtesting/internal/models/backtest.go:96.36,98.2 1 1
bitso-trading-platform/backtesting/internal/models/backtest.go:101.39,105.2 1 1
bitso-trading-platform/backtesting/internal/models/backtest.go:108.45,109.24 1 1
bitso-trading-platform/backtesting/internal/models/backtest.go:109.24,111.3 1 1
bitso-trading-platform/backtesting/internal/models/backtest.go:113.2,114.26 2 1
bitso-trading-platform/backtesting/internal/models/backtest.go:114.26,116.3 1 0
bitso-trading-platform/backtesting/internal/models/backtest.go:118.2,118.34 1 1
bitso-trading-platform/backtesting/internal/models/backtest.go:122.45,124.2 1 1
bitso-trading-platform/backtesting/internal/models/backtest.go:127.55,129.56 2 1
bitso-trading-platform/backtesting/internal/models/backtest.go:129.56,131.3 1 0
bitso-trading-platform/backtesting/internal/models/backtest.go:132.2,132.23 1 1
bitso-trading-platform/backtesting/internal/models/backtest.go:137.34,139.2 1 1
bitso-trading-platform/backtesting/internal/models/config.go:48.89,65.2 1 1
bitso-trading-platform/backtesting/internal/models/config.go:68.43,69.18 1 1
bitso-trading-platform/backtesting/internal/models/config.go:69.18,71.3 1 1
bitso-trading-platform/backtesting/internal/models/config.go:73.2,73.18 1 1
bitso-trading-platform/backtesting/internal/models/config.go:73.18,75.3 1 1
bitso-trading-platform/backtesting/internal/models/config.go:77.2,77.26 1 1
bitso-trading-platform/backtesting/internal/models/config.go:77.26,79.3 1 0
bitso-trading-platform/backtesting/internal/models/config.go:81.2,81.24 1 1
bitso-trading-platform/backtesting/internal/models/config.go:81.24,83.3 1 0
bitso-trading-platform/backtesting/internal/models/config.go:85.2,85.35 1 1
bitso-trading-platform/backtesting/internal/models/config.go:85.35,87.3 1 1
bitso-trading-platform/backtesting/internal/models/config.go:89.2,89.27 1 1
bitso-trading-platform/backtesting/internal/models/config.go:89.27,91.3 1 1
bitso-trading-platform/backtesting/internal/models/config.go:93.2,93.22 1 1
bitso-trading-platform/backtesting/internal/models/config.go:93.22,95.3 1 0
bitso-trading-platform/backtesting/internal/models/config.go:98.2,103.43 2 1
bitso-trading-platform/backtesting/internal/models/config.go:103.43,105.3 1 1
bitso-trading-platform/backtesting/internal/models/config.go:107.2,107.54 1 1
bitso-trading-platform/backtesting/internal/models/config.go:107.54,109.3 1 0
bitso-trading-platform/backtesting/internal/models/config.go:111.2,111.26 1 1
bitso-trading-platform/backtesting/internal/models/config.go:111.26,113.3 1 0
bitso-trading-platform/backtesting/internal/models/config.go:116.2,120.37 2 1
bitso-trading-platform/backtesting/internal/models/config.go:120.37,122.3 1 0
bitso-trading-platform/backtesting/internal/models/config.go:124.2,124.12 1 1
bitso-trading-platform/backtesting/internal/models/config.go:128.54,130.2 1 1
bitso-trading-platform/backtesting/internal/models/config.go:133.40,135.2 1 1
bitso-trading-platform/backtesting/internal/models/config.go:138.50,142.29 2 1
bitso-trading-platform/backtesting/internal/models/config.go:142.29,144.38 2 1
bitso-trading-platform/backtesting/internal/models/config.go:144.38,146.4 1 1
bitso-trading-platform/backtesting/internal/models/config.go:149.2,149.15 1 1
bitso-trading-platform/backtesting/internal/models/config.go:153.103,157.2 3 1
bitso-trading-platform/backtesting/internal/models/config.go:160.78,163.2 2 1
bitso-trading-platform/backtesting/internal/models/config.go:166.84,170.2 3 1
bitso-trading-platform/backtesting/internal/models/config.go:173.71,176.2 2 1
bitso-trading-platform/backtesting/internal/models/config.go:179.32,181.2 1 1
bitso-trading-platform/backtesting/internal/models/event.go:28.53,35.2 1 1
bitso-trading-platform/backtesting/internal/models/event.go:38.56,45.2 1 1
bitso-trading-platform/backtesting/internal/models/event.go:48.89,55.2 1 1
bitso-trading-platform/backtesting/internal/models/event.go:58.56,59.35 1 1
bitso-trading-platform/backtesting/internal/models/event.go:59.35,61.3 1 0
bitso-trading-platform/backtesting/internal/models/event.go:63.2,64.9 2 1
bitso-trading-platform/backtesting/internal/models/event.go:64.9,66.3 1 0
bitso-trading-platform/backtesting/internal/models/event.go:68.2,68.19 1 1
bitso-trading-platform/backtesting/internal/models/event.go:72.58,73.36 1 1
bitso-trading-platform/backtesting/internal/models/event.go:73.36,75.3 1 1
bitso-trading-platform/backtesting/internal/models/event.go:77.2,78.9 2 1
bitso-trading-platform/backtesting/internal/models/event.go:78.9,80.3 1 0
bitso-trading-platform/backtesting/internal/models/event.go:82.2,82.20 1 1
bitso-trading-platform/backtesting/internal/models/event.go:86.59,87.39 1 1
bitso-trading-platform/backtesting/internal/models/event.go:87.39,89.3 1 0
bitso-trading-platform/backtesting/internal/models/event.go:91.2,91.20 1 1
bitso-trading-platform/backtesting/internal/models/event.go:95.43,97.2 1 1
bitso-trading-platform/backtesting/internal/models/event.go:100.44,102.2 1 1
bitso-trading-platform/backtesting/internal/models/event.go:105.47,107.2 1 1
bitso-trading-platform/backtesting/internal/models/event.go:110.51,111.21 1 1
bitso-trading-platform/backtesting/internal/models/event.go:112.22,114.17 2 0
bitso-trading-platform/backtesting/internal/models/event.go:114.17,116.4 1 0
bitso-trading-platform/backtesting/internal/models/event.go:117.3,117.36 1 0
bitso-trading-platform/backtesting/internal/models/event.go:119.23,121.17 2 1
bitso-trading-platform/backtesting/internal/models/event.go:121.17,123.4 1 0
bitso-trading-platform/backtesting/internal/models/event.go:125.3,125.36 1 1
bitso-trading-platform/backtesting/internal/models/event.go:127.10,128.76 1 1
bitso-trading-platform/backtesting/internal/models/event.go:133.52,134.35 1 1
bitso-trading-platform/backtesting/internal/models/event.go:134.35,136.3 1 1
bitso-trading-platform/backtesting/internal/models/event.go:138.2,139.16 2 1
bitso-trading-platform/backtesting/internal/models/event.go:139.16,141.3 1 0
bitso-trading-platform/backtesting/internal/models/event.go:143.2,143.36 1 1
bitso-trading-platform/backtesting/internal/models/event.go:147.49,148.35 1 1
bitso-trading-platform/backtesting/internal/models/event.go:148.35,150.3 1 1
bitso-trading-platform/backtesting/internal/models/event.go:152.2,153.16 2 1
bitso-trading-platform/backtesting/internal/models/event.go:153.16,155.3 1 0
bitso-trading-platform/backtesting/internal/models/event.go:157.2,157.38 1 1
bitso-trading-platform/backtesting/internal/models/event.go:161.40,162.18 1 1
bitso-trading-platform/backtesting/internal/models/event.go:162.18,164.3 1 1
bitso-trading-platform/backtesting/internal/models/event.go:166.2,166.26 1 1
bitso-trading-platform/backtesting/internal/models/event.go:166.26,168.3 1 1
bitso-trading-platform/backtesting/internal/models/event.go:170.2,176.30 2 1
bitso-trading-platform/backtesting/internal/models/event.go:176.30,178.3 1 0
bitso-trading-platform/backtesting/internal/models/event.go:180.2,180.19 1 1
bitso-trading-platform/backtesting/internal/models/event.go:180.19,182.3 1 1
bitso-trading-platform/backtesting/internal/models/event.go:184.2,184.12 1 1
bitso-trading-platform/backtesting/internal/models/event.go:188.39,191.2 1 1
bitso-trading-platform/backtesting/internal/models/event.go:194.55,195.41 1 1
bitso-trading-platform/backtesting/internal/models/event.go:195.41,197.3 1 1
bitso-trading-platform/backtesting/internal/models/event.go:197.8,197.47 1 1
bitso-trading-platform/backtesting/internal/models/event.go:197.47,199.3 1 1
bitso-trading-platform/backtesting/internal/models/event.go:200.2,200.10 1 1
bitso-trading-platform/backtesting/internal/models/portfolio.go:20.41,30.2 1 1
bitso-trading-platform/backtesting/internal/models/portfolio.go:33.51,34.17 1 1
bitso-trading-platform/backtesting/internal/models/portfolio.go:34.17,36.3 1 1
bitso-trading-platform/backtesting/internal/models/portfolio.go:39.2,43.17 4 1
bitso-trading-platform/backtesting/internal/models/portfolio.go:43.17,45.3 1 1
bitso-trading-platform/backtesting/internal/models/portfolio.go:47.2,48.27 2 1
bitso-trading-platform/backtesting/internal/models/portfolio.go:53.62,54.32 1 1
bitso-trading-platform/backtesting/internal/models/portfolio.go:54.32,56.3 1 1
bitso-trading-platform/backtesting/internal/models/portfolio.go:59.2,59.21 1 1
bitso-trading-platform/backtesting/internal/models/portfolio.go:59.21,61.3 1 1
bitso-trading-platform/backtesting/internal/models/portfolio.go:64.2,71.17 4 1
bitso-trading-platform/backtesting/internal/models/portfolio.go:71.17,75.3 3 1
bitso-trading-platform/backtesting/internal/models/portfolio.go:77.2,80.19 3 1
bitso-trading-platform/backtesting/internal/models/portfolio.go:84.54,88.2 3 1
bitso-trading-platform/backtesting/internal/models/portfolio.go:91.52,92.17 1 1
bitso-trading-platform/backtesting/internal/models/portfolio.go:92.17,95.3 2 1
bitso-trading-platform/backtesting/internal/models/portfolio.go:98.2,99.23 2 1
bitso-trading-platform/backtesting/internal/models/portfolio.go:103.35,105.2 1 1
bitso-trading-platform/backtesting/internal/models/portfolio.go:108.34,110.2 1 1
bitso-trading-platform/backtesting/internal/models/portfolio.go:113.35,115.2 1 1
bitso-trading-platform/backtesting/internal/models/portfolio.go:118.39,120.2 1 1
bitso-trading-platform/backtesting/internal/models/portfolio.go:123.51,124.22 1 1
bitso-trading-platform/backtesting/internal/models/portfolio.go:124.22,126.3 1 0
bitso-trading-platform/backtesting/internal/models/portfolio.go:127.2,127.45 1 1
bitso-trading-platform/backtesting/internal/models/portfolio.go:131.38,141.2 1 1
bitso-trading-platform/backtesting/internal/models/portfolio.go:144.37,145.18 1 1
bitso-trading-platform/backtesting/internal/models/portfolio.go:145.18,147.3 1 1
bitso-trading-platform/backtesting/internal/models/portfolio.go:149.2,149.24 1 1
bitso-trading-platform/backtesting/internal/models/portfolio.go:149.24,151.3 1 1
bitso-trading-platform/backtesting/internal/models/portfolio.go:153.2,153.24 1 1
bitso-trading-platform/backtesting/internal/models/portfolio.go:153.24,155.3 1 0
bitso-trading-platform/backtesting/internal/models/portfolio.go:157.2,157.21 1 1
bitso-trading-platform/backtesting/internal/models/portfolio.go:157.21,159.3 1 0
bitso-trading-platform/backtesting/internal/models/portfolio.go:161.2,161.12 1 1
bitso-trading-platform/backtesting/internal/models/portfolio.go:165.36,167.16 2 1
bitso-trading-platform/backtesting/internal/models/portfolio.go:167.16,169.3 1 1
bitso-trading-platform/backtesting/internal/models/portfolio.go:169.8,169.24 1 0
bitso-trading-platform/backtesting/internal/models/portfolio.go:169.24,171.3 1 0
bitso-trading-platform/backtesting/internal/models/portfolio.go:173.2,175.44 1 1
bitso-trading-platform/backtesting/internal/models/result.go:79.69,92.2 1 1
bitso-trading-platform/backtesting/internal/models/result.go:95.48,97.2 1 1
bitso-trading-platform/backtesting/internal/models/result.go:100.60,102.2 1 1
bitso-trading-platform/backtesting/internal/models/result.go:105.66,107.2 1 1
bitso-trading-platform/backtesting/internal/models/result.go:110.42,116.2 5 1
bitso-trading-platform/backtesting/internal/models/result.go:119.48,125.2 5 1
bitso-trading-platform/backtesting/internal/models/result.go:128.51,130.2 1 1
bitso-trading-platform/backtesting/internal/models/result.go:133.67,135.54 2 1
bitso-trading-platform/backtesting/internal/models/result.go:135.54,137.3 1 0
bitso-trading-platform/backtesting/internal/models/result.go:138.2,138.21 1 1
bitso-trading-platform/backtesting/internal/models/result.go:142.46,144.2 1 1
bitso-trading-platform/backtesting/internal/models/result.go:147.53,149.33 2 1
bitso-trading-platform/backtesting/internal/models/result.go:149.33,150.24 1 1
bitso-trading-platform/backtesting/internal/models/result.go:150.24,152.4 1 1
bitso-trading-platform/backtesting/internal/models/result.go:154.2,154.16 1 1
bitso-trading-platform/backtesting/internal/models/result.go:158.52,160.33 2 1
bitso-trading-platform/backtesting/internal/models/result.go:160.33,161.23 1 1
bitso-trading-platform/backtesting/internal/models/result.go:161.23,163.4 1 1
bitso-trading-platform/backtesting/internal/models/result.go:165.2,165.15 1 1
bitso-trading-platform/backtesting/internal/models/result.go:169.32,171.2 1 1
bitso-trading-platform/backtesting/internal/models/trade.go:27.112,39.2 1 1
bitso-trading-platform/backtesting/internal/models/trade.go:42.62,47.2 4 1
bitso-trading-platform/backtesting/internal/models/trade.go:50.31,51.21 1 1
bitso-trading-platform/backtesting/internal/models/trade.go:51.21,54.3 1 1
bitso-trading-platform/backtesting/internal/models/trade.go:54.8,57.3 1 1
bitso-trading-platform/backtesting/internal/models/trade.go:60.2,63.22 2 1
bitso-trading-platform/backtesting/internal/models/trade.go:63.22,65.3 1 1
bitso-trading-platform/backtesting/internal/models/trade.go:69.34,71.2 1 1
bitso-trading-platform/backtesting/internal/models/trade.go:74.33,76.2 1 1
bitso-trading-platform/backtesting/internal/models/trade.go:79.36,81.2 1 1
bitso-trading-platform/backtesting/internal/models/trade.go:84.52,86.2 1 1
bitso-trading-platform/backtesting/internal/models/trade.go:89.40,91.2 1 1
bitso-trading-platform/backtesting/internal/models/trade.go:94.39,96.2 1 1
bitso-trading-platform/backtesting/internal/models/trade.go:99.40,101.2 1 0
bitso-trading-platform/backtesting/internal/models/trade.go:104.42,106.2 1 1
bitso-trading-platform/backtesting/internal/models/trade.go:109.34,110.18 1 1
bitso-trading-platform/backtesting/internal/models/trade.go:110.18,112.3 1 0
bitso-trading-platform/backtesting/internal/models/trade.go:114.2,114.41 1 1
bitso-trading-platform/backtesting/internal/models/trade.go:114.41,116.3 1 1
bitso-trading-platform/backtesting/internal/models/trade.go:118.2,118.23 1 1
bitso-trading-platform/backtesting/internal/models/trade.go:118.23,120.3 1 1
bitso-trading-platform/backtesting/internal/models/trade.go:122.2,122.22 1 1
bitso-trading-platform/backtesting/internal/models/trade.go:122.22,124.3 1 0
bitso-trading-platform/backtesting/internal/models/trade.go:126.2,126.19 1 1
bitso-trading-platform/backtesting/internal/models/trade.go:126.19,128.3 1 0
bitso-trading-platform/backtesting/internal/models/trade.go:130.2,130.26 1 1
bitso-trading-platform/backtesting/internal/models/trade.go:130.26,132.3 1 0
bitso-trading-platform/backtesting/internal/models/trade.go:134.2,134.25 1 1
bitso-trading-platform/backtesting/internal/models/trade.go:134.25,136.3 1 0
bitso-trading-platform/backtesting/internal/models/trade.go:138.2,138.36 1 1
bitso-trading-platform/backtesting/internal/models/trade.go:138.36,140.3 1 0
bitso-trading-platform/backtesting/internal/models/trade.go:142.2,142.12 1 1
bitso-trading-platform/backtesting/internal/models/trade.go:146.33,150.2 1 1
bitso-trading-platform/backtesting/internal/models/trade.go:153.31,155.2 1 1
bitso-trading-platform/backtesting/internal/models/validation.go:10.59,11.19 1 0
bitso-trading-platform/backtesting/internal/models/validation.go:11.19,13.3 1 0
bitso-trading-platform/backtesting/internal/models/validation.go:15.2,15.26 1 0
bitso-trading-platform/backtesting/internal/models/validation.go:19.52,20.20 1 1
bitso-trading-platform/backtesting/internal/models/validation.go:20.20,22.3 1 1
bitso-trading-platform/backtesting/internal/models/validation.go:24.2,24.18 1 1
bitso-trading-platform/backtesting/internal/models/validation.go:24.18,26.3 1 1
bitso-trading-platform/backtesting/internal/models/validation.go:28.2,28.23 1 1
bitso-trading-platform/backtesting/internal/models/validation.go:28.23,31.3 1 1
bitso-trading-platform/backtesting/internal/models/validation.go:34.2,36.28 3 1
bitso-trading-platform/backtesting/internal/models/validation.go:36.28,38.3 1 1
bitso-trading-platform/backtesting/internal/models/validation.go:41.2,41.29 1 1
bitso-trading-platform/backtesting/internal/models/validation.go:41.29,43.3 1 1
bitso-trading-platform/backtesting/internal/models/validation.go:45.2,45.12 1 1
bitso-trading-platform/backtesting/internal/models/validation.go:49.77,50.20 1 1
bitso-trading-platform/backtesting/internal/models/validation.go:50.20,52.3 1 1
bitso-trading-platform/backtesting/internal/models/validation.go:55.2,62.32 2 1
bitso-trading-platform/backtesting/internal/models/validation.go:62.32,64.3 1 1
bitso-trading-platform/backtesting/internal/models/validation.go:67.2,67.19 1 1
bitso-trading-platform/backtesting/internal/models/validation.go:67.19,69.3 1 1
bitso-trading-platform/backtesting/internal/models/validation.go:72.2,72.18 1 1
bitso-trading-platform/backtesting/internal/models/validation.go:73.15,74.45 1 1
bitso-trading-platform/backtesting/internal/models/validation.go:75.15,76.45 1 1
bitso-trading-platform/backtesting/internal/models/validation.go:77.19,78.49 1 1
bitso-trading-platform/backtesting/internal/models/validation.go:79.24,80.53 1 1
bitso-trading-platform/backtesting/internal/models/validation.go:83.2,83.12 1 0
bitso-trading-platform/backtesting/internal/models/validation.go:87.38,88.16 1 1
bitso-trading-platform/backtesting/internal/models/validation.go:88.16,90.3 1 0
bitso-trading-platform/backtesting/internal/models/validation.go:93.2,97.21 3 1
bitso-trading-platform/backtesting/internal/models/validation.go:97.21,99.3 1 1
bitso-trading-platform/backtesting/internal/models/validation.go:101.2,103.31 2 1
bitso-trading-platform/backtesting/internal/models/validation.go:103.31,105.3 1 0
bitso-trading-platform/backtesting/internal/models/validation.go:108.2,115.25 2 1
bitso-trading-platform/backtesting/internal/models/validation.go:115.25,117.3 1 0
bitso-trading-platform/backtesting/internal/models/validation.go:119.2,119.12 1 1
bitso-trading-platform/backtesting/internal/models/validation.go:123.45,124.18 1 1
bitso-trading-platform/backtesting/internal/models/validation.go:124.18,126.3 1 1
bitso-trading-platform/backtesting/internal/models/validation.go:129.2,132.26 3 1
bitso-trading-platform/backtesting/internal/models/validation.go:132.26,134.3 1 1
bitso-trading-platform/backtesting/internal/models/validation.go:136.2,136.26 1 1
bitso-trading-platform/backtesting/internal/models/validation.go:136.26,138.3 1 0
bitso-trading-platform/backtesting/internal/models/validation.go:140.2,140.12 1 1
bitso-trading-platform/backtesting/internal/models/validation.go:144.48,152.25 2 1
bitso-trading-platform/backtesting/internal/models/validation.go:152.25,154.3 1 1
bitso-trading-platform/backtesting/internal/models/validation.go:156.2,156.12 1 1
bitso-trading-platform/backtesting/internal/models/validation.go:160.49,161.14 1 1
bitso-trading-platform/backtesting/internal/models/validation.go:161.14,163.3 1 1
bitso-trading-platform/backtesting/internal/models/validation.go:166.2,167.20 2 1
bitso-trading-platform/backtesting/internal/models/validation.go:167.20,169.3 1 1
bitso-trading-platform/backtesting/internal/models/validation.go:171.2,171.12 1 1
bitso-trading-platform/backtesting/internal/models/validation.go:176.71,181.9 2 1
bitso-trading-platform/backtesting/internal/models/validation.go:181.9,183.3 1 0
bitso-trading-platform/backtesting/internal/models/validation.go:186.2,187.9 2 1
bitso-trading-platform/backtesting/internal/models/validation.go:187.9,189.3 1 0
bitso-trading-platform/backtesting/internal/models/validation.go:191.2,191.32 1 1
bitso-trading-platform/backtesting/internal/models/validation.go:191.32,193.3 1 0
bitso-trading-platform/backtesting/internal/models/validation.go:195.2,195.12 1 1
bitso-trading-platform/backtesting/internal/models/validation.go:198.71,205.27 3 1
bitso-trading-platform/backtesting/internal/models/validation.go:205.27,207.3 1 0
bitso-trading-platform/backtesting/internal/models/validation.go:209.2,209.12 1 1
bitso-trading-platform/backtesting/internal/models/validation.go:212.75,217.16 2 1
bitso-trading-platform/backtesting/internal/models/validation.go:217.16,219.3 1 0
bitso-trading-platform/backtesting/internal/models/validation.go:221.2,221.12 1 1
bitso-trading-platform/backtesting/internal/models/validation.go:224.79,231.30 3 1
bitso-trading-platform/backtesting/internal/models/validation.go:231.30,233.3 1 0
bitso-trading-platform/backtesting/internal/models/validation.go:235.2,235.12 1 1
bitso-trading-platform/backtesting/internal/models/validation.go:239.46,246.27 2 1
bitso-trading-platform/backtesting/internal/models/validation.go:246.27,248.3 1 1
bitso-trading-platform/backtesting/internal/models/validation.go:250.2,250.12 1 1
bitso-trading-platform/backtesting/internal/models/validation.go:254.52,264.38 2 1
bitso-trading-platform/backtesting/internal/models/validation.go:264.38,266.3 1 1
bitso-trading-platform/backtesting/internal/models/validation.go:268.2,268.12 1 1
bitso-trading-platform/backtesting/internal/storage/file_storage.go:23.70,25.52 1 1
bitso-trading-platform/backtesting/internal/storage/file_storage.go:25.52,26.17 1 1
bitso-trading-platform/backtesting/internal/storage/file_storage.go:26.17,31.4 1 0
bitso-trading-platform/backtesting/internal/storage/file_storage.go:34.2,37.3 1 1
bitso-trading-platform/backtesting/internal/storage/file_storage.go:41.86,47.47 3 1
bitso-trading-platform/backtesting/internal/storage/file_storage.go:47.47,49.3 1 0
bitso-trading-platform/backtesting/internal/storage/file_storage.go:52.2,53.16 2 1
bitso-trading-platform/backtesting/internal/storage/file_storage.go:53.16,55.3 1 0
bitso-trading-platform/backtesting/internal/storage/file_storage.go:58.2,58.59 1 1
bitso-trading-platform/backtesting/internal/storage/file_storage.go:58.59,60.3 1 0
bitso-trading-platform/backtesting/internal/storage/file_storage.go:62.2,62.21 1 1
bitso-trading-platform/backtesting/internal/storage/file_storage.go:62.21,67.3 1 0
bitso-trading-platform/backtesting/internal/storage/file_storage.go:69.2,69.12 1 1
bitso-trading-platform/backtesting/internal/storage/file_storage.go:73.99,77.53 2 1
bitso-trading-platform/backtesting/internal/storage/file_storage.go:77.53,79.3 1 1
bitso-trading-platform/backtesting/internal/storage/file_storage.go:82.2,83.16 2 1
bitso-trading-platform/backtesting/internal/storage/file_storage.go:83.16,85.3 1 0
bitso-trading-platform/backtesting/internal/storage/file_storage.go:88.2,89.54 2 1
bitso-trading-platform/backtesting/internal/storage/file_storage.go:89.54,91.3 1 0
bitso-trading-platform/backtesting/internal/storage/file_storage.go:93.2,93.21 1 1
bitso-trading-platform/backtesting/internal/storage/file_storage.go:97.105,98.20 1 0
bitso-trading-platform/backtesting/internal/storage/file_storage.go:98.20,100.3 1 0
bitso-trading-platform/backtesting/internal/storage/file_storage.go:101.2,106.16 4 0
bitso-trading-platform/backtesting/internal/storage/file_storage.go:106.16,110.17 3 0
bitso-trading-platform/backtesting/internal/storage/file_storage.go:110.17,112.4 1 0
bitso-trading-platform/backtesting/internal/storage/file_storage.go:116.2,117.29 2 0
bitso-trading-platform/backtesting/internal/storage/file_storage.go:117.29,123.17 3 0
bitso-trading-platform/backtesting/internal/storage/file_storage.go:123.17,124.22 1 0
bitso-trading-platform/backtesting/internal/storage/file_storage.go:124.22,129.4 1 0
bitso-trading-platform/backtesting/internal/storage/file_storage.go:130.4,130.12 1 0
bitso-trading-platform/backtesting/internal/storage/file_storage.go:134.3,134.40 1 0
bitso-trading-platform/backtesting/internal/storage/file_storage.go:134.40,136.4 1 0
bitso-trading-platform/backtesting/internal/storage/file_storage.go:140.2,144.26 3 0
bitso-trading-platform/backtesting/internal/storage/file_storage.go:144.26,146.3 1 0
bitso-trading-platform/backtesting/internal/storage/file_storage.go:148.2,149.24 2 0
bitso-trading-platform/backtesting/internal/storage/file_storage.go:149.24,151.3 1 0
bitso-trading-platform/backtesting/internal/storage/file_storage.go:153.2,153.32 1 0
bitso-trading-platform/backtesting/internal/storage/file_storage.go:157.76,160.44 2 1
bitso-trading-platform/backtesting/internal/storage/file_storage.go:160.44,161.25 1 0
bitso-trading-platform/backtesting/internal/storage/file_storage.go:161.25,163.4 1 0
bitso-trading-platform/backtesting/internal/storage/file_storage.go:164.3,164.54 1 0
bitso-trading-platform/backtesting/internal/storage/file_storage.go:167.2,167.21 1 1
bitso-trading-platform/backtesting/internal/storage/file_storage.go:167.21,172.3 1 0
bitso-trading-platform/backtesting/internal/storage/file_storage.go:174.2,174.12 1 1
bitso-trading-platform/backtesting/internal/storage/file_storage.go:178.115,181.16 2 1
bitso-trading-platform/backtesting/internal/storage/file_storage.go:181.16,183.3 1 0
bitso-trading-platform/backtesting/internal/storage/file_storage.go:186.2,190.28 3 1
bitso-trading-platform/backtesting/internal/storage/file_storage.go:194.37,196.2 1 1
bitso-trading-platform/backtesting/internal/storage/file_storage.go:202.62,208.2 4 1
bitso-trading-platform/backtesting/internal/storage/file_storage.go:211.65,214.2 2 1
bitso-trading-platform/backtesting/internal/storage/file_storage.go:217.96,219.61 1 0
bitso-trading-platform/backtesting/internal/storage/file_storage.go:219.61,221.3 1 0
bitso-trading-platform/backtesting/internal/storage/file_storage.go:224.2,224.77 1 0
bitso-trading-platform/backtesting/internal/storage/file_storage.go:224.77,226.3 1 0
bitso-trading-platform/backtesting/internal/storage/file_storage.go:227.2,227.72 1 0
bitso-trading-platform/backtesting/internal/storage/file_storage.go:227.72,229.3 1 0
bitso-trading-platform/backtesting/internal/storage/file_storage.go:231.2,231.13 1 0
bitso-trading-platform/backtesting/internal/storage/file_storage.go:235.95,238.27 2 0
bitso-trading-platform/backtesting/internal/storage/file_storage.go:238.27,239.30 1 0
bitso-trading-platform/backtesting/internal/storage/file_storage.go:239.30,242.18 2 0
bitso-trading-platform/backtesting/internal/storage/file_storage.go:243.22,244.27 1 0
bitso-trading-platform/backtesting/internal/storage/file_storage.go:244.27,246.6 1 0
bitso-trading-platform/backtesting/internal/storage/file_storage.go:246.11,248.6 1 0
bitso-trading-platform/backtesting/internal/storage/file_storage.go:249.12,250.69 1 0
bitso-trading-platform/backtesting/internal/storage/file_storage.go:253.4,253.18 1 0
bitso-trading-platform/backtesting/internal/storage/file_storage.go:253.18,255.5 1 0
bitso-trading-platform/backtesting/internal/storage/redis_storage.go:23.96,29.2 1 0
bitso-trading-platform/backtesting/internal/storage/redis_storage.go:32.87,35.16 2 0
bitso-trading-platform/backtesting/internal/storage/redis_storage.go:35.16,37.3 1 0
bitso-trading-platform/backtesting/internal/storage/redis_storage.go:40.2,43.66 2 0
bitso-trading-platform/backtesting/internal/storage/redis_storage.go:43.66,45.3 1 0
bitso-trading-platform/backtesting/internal/storage/redis_storage.go:48.2,48.52 1 0
bitso-trading-platform/backtesting/internal/storage/redis_storage.go:48.52,50.3 1 0
bitso-trading-platform/backtesting/internal/storage/redis_storage.go:52.2,57.12 2 0
bitso-trading-platform/backtesting/internal/storage/redis_storage.go:61.100,65.16 3 0
bitso-trading-platform/backtesting/internal/storage/redis_storage.go:65.16,66.23 1 0
bitso-trading-platform/backtesting/internal/storage/redis_storage.go:66.23,68.4 1 0
bitso-trading-platform/backtesting/internal/storage/redis_storage.go:69.3,69.53 1 0
bitso-trading-platform/backtesting/internal/storage/redis_storage.go:73.2,74.62 2 0
bitso-trading-platform/backtesting/internal/storage/redis_storage.go:74.62,76.3 1 0
bitso-trading-platform/backtesting/internal/storage/redis_storage.go:78.2,78.21 1 0
bitso-trading-platform/backtesting/internal/storage/redis_storage.go:82.106,83.20 1 0
bitso-trading-platform/backtesting/internal/storage/redis_storage.go:83.20,85.3 1 0
bitso-trading-platform/backtesting/internal/storage/redis_storage.go:86.2,91.16 4 0
bitso-trading-platform/backtesting/internal/storage/redis_storage.go:91.16,93.3 1 0
bitso-trading-platform/backtesting/internal/storage/redis_storage.go:96.2,97.27 2 0
bitso-trading-platform/backtesting/internal/storage/redis_storage.go:97.27,99.17 2 0
bitso-trading-platform/backtesting/internal/storage/redis_storage.go:99.17,104.12 2 0
bitso-trading-platform/backtesting/internal/storage/redis_storage.go:108.3,108.40 1 0
bitso-trading-platform/backtesting/internal/storage/redis_storage.go:108.40,110.4 1 0
bitso-trading-platform/backtesting/internal/storage/redis_storage.go:114.2,118.26 3 0
bitso-trading-platform/backtesting/internal/storage/redis_storage.go:118.26,120.3 1 0
bitso-trading-platform/backtesting/internal/storage/redis_storage.go:122.2,123.24 2 0
bitso-trading-platform/backtesting/internal/storage/redis_storage.go:123.24,125.3 1 0
bitso-trading-platform/backtesting/internal/storage/redis_storage.go:127.2,127.32 1 0
bitso-trading-platform/backtesting/internal/storage/redis_storage.go:131.77,134.53 2 0
bitso-trading-platform/backtesting/internal/storage/redis_storage.go:134.53,136.3 1 0
bitso-trading-platform/backtesting/internal/storage/redis_storage.go:139.2,139.61 1 0
bitso-trading-platform/backtesting/internal/storage/redis_storage.go:139.61,141.3 1 0
bitso-trading-platform/backtesting/internal/storage/redis_storage.go:143.2,147.12 2 0
bitso-trading-platform/backtesting/internal/storage/redis_storage.go:151.116,154.16 2 0
bitso-trading-platform/backtesting/internal/storage/redis_storage.go:154.16,156.3 1 0
bitso-trading-platform/backtesting/internal/storage/redis_storage.go:159.2,163.28 3 0
bitso-trading-platform/backtesting/internal/storage/redis_storage.go:167.38,169.2 1 0
bitso-trading-platform/backtesting/internal/storage/redis_storage.go:174.62,176.2 1 0
bitso-trading-platform/backtesting/internal/storage/redis_storage.go:179.95,182.79 2 0
bitso-trading-platform/backtesting/internal/storage/redis_storage.go:182.79,184.3 1 0
bitso-trading-platform/backtesting/internal/storage/redis_storage.go:187.2,191.23 2 0
bitso-trading-platform/backtesting/internal/storage/redis_storage.go:191.23,193.3 1 0
bitso-trading-platform/backtesting/internal/storage/redis_storage.go:195.2,195.12 1 0
bitso-trading-platform/backtesting/internal/storage/redis_storage.go:199.88,202.34 2 0
bitso-trading-platform/backtesting/internal/storage/redis_storage.go:202.34,205.3 2 0
bitso-trading-platform/backtesting/internal/storage/redis_storage.go:208.2,211.12 3 0
bitso-trading-platform/backtesting/internal/storage/redis_storage.go:215.88,219.21 3 0
bitso-trading-platform/backtesting/internal/storage/redis_storage.go:219.21,221.3 1 0
bitso-trading-platform/backtesting/internal/storage/redis_storage.go:223.2,223.35 1 0
bitso-trading-platform/backtesting/internal/storage/redis_storage.go:223.35,225.3 1 0
bitso-trading-platform/backtesting/internal/storage/redis_storage.go:227.2,227.18 1 0
bitso-trading-platform/backtesting/internal/storage/redis_storage.go:231.97,233.61 1 0
bitso-trading-platform/backtesting/internal/storage/redis_storage.go:233.61,235.3 1 0
bitso-trading-platform/backtesting/internal/storage/redis_storage.go:238.2,238.77 1 0
bitso-trading-platform/backtesting/internal/storage/redis_storage.go:238.77,240.3 1 0
bitso-trading-platform/backtesting/internal/storage/redis_storage.go:241.2,241.72 1 0
bitso-trading-platform/backtesting/internal/storage/redis_storage.go:241.72,243.3 1 0
bitso-trading-platform/backtesting/internal/storage/redis_storage.go:245.2,245.13 1 0
bitso-trading-platform/backtesting/internal/storage/redis_storage.go:249.96,252.27 2 0
bitso-trading-platform/backtesting/internal/storage/redis_storage.go:252.27,253.30 1 0
bitso-trading-platform/backtesting/internal/storage/redis_storage.go:253.30,257.18 2 0
bitso-trading-platform/backtesting/internal/storage/redis_storage.go:258.22,259.27 1 0
bitso-trading-platform/backtesting/internal/storage/redis_storage.go:259.27,261.6 1 0
bitso-trading-platform/backtesting/internal/storage/redis_storage.go:261.11,263.6 1 0
bitso-trading-platform/backtesting/internal/storage/redis_storage.go:264.12,266.69 1 0
bitso-trading-platform/backtesting/internal/storage/redis_storage.go:269.4,269.18 1 0
bitso-trading-platform/backtesting/internal/storage/redis_storage.go:269.18,271.5 1 0
bitso-trading-platform/backtesting/internal/storage/storage.go:45.36,52.2 1 1
bitso-trading-platform/backtesting/internal/storage/storage.go:55.62,58.2 2 1
bitso-trading-platform/backtesting/internal/storage/storage.go:61.66,64.2 2 1
bitso-trading-platform/backtesting/internal/storage/storage.go:67.58,70.2 2 1
bitso-trading-platform/backtesting/internal/storage/storage.go:73.57,76.2 2 1
bitso-trading-platform/backtesting/internal/storage/storage.go:79.59,82.2 2 1
bitso-trading-platform/backtesting/internal/storage/storage.go:85.40,86.17 1 1
bitso-trading-platform/backtesting/internal/storage/storage.go:86.17,88.3 1 1
bitso-trading-platform/backtesting/internal/storage/storage.go:89.2,89.20 1 1
bitso-trading-platform/backtesting/internal/storage/storage.go:89.20,91.3 1 1
bitso-trading-platform/backtesting/internal/storage/storage.go:93.2,93.18 1 1
bitso-trading-platform/backtesting/internal/storage/storage.go:93.18,95.3 1 1
bitso-trading-platform/backtesting/internal/storage/storage.go:97.2,97.51 1 1
bitso-trading-platform/backtesting/internal/storage/storage.go:97.51,99.3 1 1
bitso-trading-platform/backtesting/internal/storage/storage.go:101.2,101.12 1 1
