mode: set
bitso-trading-platform/backtesting/cmd/main.go:46.45,49.16 2 0
bitso-trading-platform/backtesting/cmd/main.go:49.16,51.3 1 0
bitso-trading-platform/backtesting/cmd/main.go:54.2,78.100 8 0
bitso-trading-platform/backtesting/cmd/main.go:78.100,82.3 1 0
bitso-trading-platform/backtesting/cmd/main.go:139.2,152.8 2 0
bitso-trading-platform/backtesting/cmd/main.go:156.39,192.2 6 0
bitso-trading-platform/backtesting/cmd/main.go:195.50,201.6 4 0
bitso-trading-platform/backtesting/cmd/main.go:201.6,202.10 1 0
bitso-trading-platform/backtesting/cmd/main.go:203.19,209.63 4 0
bitso-trading-platform/backtesting/cmd/main.go:212.25,213.10 1 0
bitso-trading-platform/backtesting/cmd/main.go:219.38,227.12 5 0
bitso-trading-platform/backtesting/cmd/main.go:227.12,262.3 3 0
bitso-trading-platform/backtesting/cmd/main.go:265.2,265.9 1 0
bitso-trading-platform/backtesting/cmd/main.go:266.33,267.17 1 0
bitso-trading-platform/backtesting/cmd/main.go:267.17,270.4 2 0
bitso-trading-platform/backtesting/cmd/main.go:271.3,272.13 2 0
bitso-trading-platform/backtesting/cmd/main.go:274.28,276.49 2 0
bitso-trading-platform/backtesting/cmd/main.go:281.37,283.36 1 0
bitso-trading-platform/backtesting/cmd/main.go:283.36,285.3 1 0
bitso-trading-platform/backtesting/cmd/main.go:288.2,296.19 5 0
bitso-trading-platform/backtesting/cmd/main.go:299.13,302.16 2 0
bitso-trading-platform/backtesting/cmd/main.go:302.16,304.3 1 0
bitso-trading-platform/backtesting/cmd/main.go:307.2,307.34 1 0
bitso-trading-platform/backtesting/cmd/main.go:307.34,309.3 1 0
bitso-trading-platform/backtesting/cmd/main.go:311.2,311.48 1 0
bitso-trading-platform/backtesting/internal/logger/logger.go:35.38,38.16 2 0
bitso-trading-platform/backtesting/internal/logger/logger.go:38.16,40.3 1 0
bitso-trading-platform/backtesting/internal/logger/logger.go:41.2,45.37 3 0
bitso-trading-platform/backtesting/internal/logger/logger.go:46.16,47.21 1 0
bitso-trading-platform/backtesting/internal/logger/logger.go:48.20,49.21 1 0
bitso-trading-platform/backtesting/internal/logger/logger.go:50.10,53.17 2 0
bitso-trading-platform/backtesting/internal/logger/logger.go:53.17,56.4 1 0
bitso-trading-platform/backtesting/internal/logger/logger.go:56.9,58.4 1 0
bitso-trading-platform/backtesting/internal/logger/logger.go:62.2,63.46 2 0
bitso-trading-platform/backtesting/internal/logger/logger.go:63.46,69.3 1 0
bitso-trading-platform/backtesting/internal/logger/logger.go:71.2,77.39 2 0
bitso-trading-platform/backtesting/internal/logger/logger.go:81.74,85.2 3 0
bitso-trading-platform/backtesting/internal/logger/logger.go:88.73,92.2 3 0
bitso-trading-platform/backtesting/internal/logger/logger.go:95.73,99.2 3 0
bitso-trading-platform/backtesting/internal/logger/logger.go:102.74,106.2 3 0
bitso-trading-platform/backtesting/internal/logger/logger.go:109.74,113.2 3 0
bitso-trading-platform/backtesting/internal/logger/logger.go:116.68,118.33 2 0
bitso-trading-platform/backtesting/internal/logger/logger.go:118.33,120.3 1 0
bitso-trading-platform/backtesting/internal/logger/logger.go:121.2,121.45 1 0
bitso-trading-platform/backtesting/internal/logger/logger.go:125.84,126.19 1 0
bitso-trading-platform/backtesting/internal/logger/logger.go:126.19,128.3 1 0
bitso-trading-platform/backtesting/internal/logger/logger.go:130.2,130.33 1 0
bitso-trading-platform/backtesting/internal/logger/logger.go:130.33,131.28 1 0
bitso-trading-platform/backtesting/internal/logger/logger.go:132.15,133.29 1 0
bitso-trading-platform/backtesting/internal/logger/logger.go:134.12,135.29 1 0
bitso-trading-platform/backtesting/internal/logger/logger.go:136.14,137.31 1 0
bitso-trading-platform/backtesting/internal/logger/logger.go:138.16,139.33 1 0
bitso-trading-platform/backtesting/internal/logger/logger.go:140.13,141.30 1 0
bitso-trading-platform/backtesting/internal/logger/logger.go:142.18,143.30 1 0
bitso-trading-platform/backtesting/internal/logger/logger.go:144.22,145.29 1 0
bitso-trading-platform/backtesting/internal/logger/logger.go:146.14,147.31 1 0
bitso-trading-platform/backtesting/internal/logger/logger.go:148.11,149.35 1 0
bitso-trading-platform/backtesting/internal/logger/logger.go:153.2,153.14 1 0
bitso-trading-platform/backtesting/internal/logger/logger.go:157.34,163.2 1 0
bitso-trading-platform/backtesting/internal/metrics/collector.go:6.69,8.29 2 0
bitso-trading-platform/backtesting/internal/metrics/collector.go:8.29,11.3 2 0
bitso-trading-platform/backtesting/internal/metrics/collector.go:15.69,17.16 2 0
bitso-trading-platform/backtesting/internal/metrics/collector.go:17.16,20.3 2 0
bitso-trading-platform/backtesting/internal/metrics/collector.go:24.68,26.16 2 0
bitso-trading-platform/backtesting/internal/metrics/collector.go:26.16,29.3 2 0
bitso-trading-platform/backtesting/internal/metrics/collector.go:34.89,37.2 0 0
bitso-trading-platform/backtesting/internal/metrics/collector.go:41.111,45.2 0 0
bitso-trading-platform/backtesting/internal/metrics/collector.go:48.54,52.2 0 0
bitso-trading-platform/backtesting/internal/metrics/collector.go:55.108,59.2 0 0
bitso-trading-platform/backtesting/internal/metrics/collector.go:62.55,64.2 1 0
bitso-trading-platform/backtesting/internal/metrics/collector.go:67.55,69.2 1 0
bitso-trading-platform/backtesting/internal/metrics/collector.go:72.61,74.2 1 0
bitso-trading-platform/backtesting/internal/metrics/collector.go:77.62,79.2 1 0
bitso-trading-platform/backtesting/internal/metrics/collector.go:82.65,84.2 1 0
bitso-trading-platform/backtesting/internal/metrics/prometheus.go:32.64,95.2 1 0
bitso-trading-platform/backtesting/internal/metrics/prometheus.go:100.52,102.2 1 0
bitso-trading-platform/backtesting/internal/metrics/prometheus.go:105.91,108.2 2 0
bitso-trading-platform/backtesting/internal/metrics/prometheus.go:111.64,113.2 1 0
bitso-trading-platform/backtesting/internal/metrics/prometheus.go:116.61,118.2 1 0
bitso-trading-platform/backtesting/internal/metrics/prometheus.go:123.79,125.2 1 0
bitso-trading-platform/backtesting/internal/metrics/prometheus.go:128.90,130.2 1 0
bitso-trading-platform/backtesting/internal/metrics/prometheus.go:135.92,137.2 1 0
bitso-trading-platform/backtesting/internal/metrics/prometheus.go:142.70,144.2 1 0
bitso-trading-platform/backtesting/internal/metrics/prometheus.go:147.62,149.13 2 0
bitso-trading-platform/backtesting/internal/metrics/prometheus.go:149.13,151.3 1 0
bitso-trading-platform/backtesting/internal/metrics/prometheus.go:152.2,152.55 1 0
bitso-trading-platform/backtesting/internal/metrics/prometheus.go:156.82,158.13 2 0
bitso-trading-platform/backtesting/internal/metrics/prometheus.go:158.13,160.3 1 0
bitso-trading-platform/backtesting/internal/metrics/prometheus.go:161.2,161.55 1 0
bitso-trading-platform/backtesting/internal/config/config.go:77.45,79.2 1 0
bitso-trading-platform/backtesting/internal/config/config.go:82.43,84.2 1 0
bitso-trading-platform/backtesting/internal/config/loader.go:11.30,15.42 3 1
bitso-trading-platform/backtesting/internal/config/loader.go:15.42,17.3 1 0
bitso-trading-platform/backtesting/internal/config/loader.go:19.2,19.20 1 1
bitso-trading-platform/backtesting/internal/config/loader.go:23.28,70.2 1 1
bitso-trading-platform/backtesting/internal/config/loader.go:73.34,75.30 1 1
bitso-trading-platform/backtesting/internal/config/loader.go:75.30,77.3 1 0
bitso-trading-platform/backtesting/internal/config/loader.go:78.2,78.31 1 1
bitso-trading-platform/backtesting/internal/config/loader.go:78.31,80.3 1 0
bitso-trading-platform/backtesting/internal/config/loader.go:83.2,83.50 1 1
bitso-trading-platform/backtesting/internal/config/loader.go:83.50,85.3 1 0
bitso-trading-platform/backtesting/internal/config/loader.go:86.2,86.42 1 1
bitso-trading-platform/backtesting/internal/config/loader.go:86.42,88.3 1 0
bitso-trading-platform/backtesting/internal/config/loader.go:89.2,89.42 1 1
bitso-trading-platform/backtesting/internal/config/loader.go:89.42,91.3 1 0
bitso-trading-platform/backtesting/internal/config/loader.go:94.2,94.39 1 1
bitso-trading-platform/backtesting/internal/config/loader.go:94.39,96.3 1 0
bitso-trading-platform/backtesting/internal/config/loader.go:102.46,103.42 1 1
bitso-trading-platform/backtesting/internal/config/loader.go:103.42,105.3 1 1
bitso-trading-platform/backtesting/internal/config/loader.go:106.2,106.21 1 1
bitso-trading-platform/backtesting/internal/config/loader.go:110.52,112.20 2 1
bitso-trading-platform/backtesting/internal/config/loader.go:112.20,114.3 1 1
bitso-trading-platform/backtesting/internal/config/loader.go:116.2,117.16 2 1
bitso-trading-platform/backtesting/internal/config/loader.go:117.16,119.3 1 0
bitso-trading-platform/backtesting/internal/config/loader.go:121.2,121.14 1 1
bitso-trading-platform/backtesting/internal/config/loader.go:125.62,127.20 2 1
bitso-trading-platform/backtesting/internal/config/loader.go:127.20,129.3 1 1
bitso-trading-platform/backtesting/internal/config/loader.go:131.2,132.16 2 0
bitso-trading-platform/backtesting/internal/config/loader.go:132.16,134.3 1 0
bitso-trading-platform/backtesting/internal/config/loader.go:136.2,136.14 1 0
bitso-trading-platform/backtesting/internal/config/loader.go:140.55,142.20 2 1
bitso-trading-platform/backtesting/internal/config/loader.go:142.20,144.3 1 1
bitso-trading-platform/backtesting/internal/config/loader.go:146.2,147.16 2 1
bitso-trading-platform/backtesting/internal/config/loader.go:147.16,149.22 1 0
bitso-trading-platform/backtesting/internal/config/loader.go:149.22,151.4 1 0
bitso-trading-platform/backtesting/internal/config/loader.go:152.3,152.22 1 0
bitso-trading-platform/backtesting/internal/config/loader.go:152.22,154.4 1 0
bitso-trading-platform/backtesting/internal/config/loader.go:155.3,155.22 1 0
bitso-trading-platform/backtesting/internal/config/loader.go:158.2,158.14 1 1
bitso-trading-platform/backtesting/internal/config/loader.go:162.77,164.20 2 1
bitso-trading-platform/backtesting/internal/config/loader.go:164.20,166.3 1 1
bitso-trading-platform/backtesting/internal/config/loader.go:168.2,169.16 2 1
bitso-trading-platform/backtesting/internal/config/loader.go:169.16,171.3 1 0
bitso-trading-platform/backtesting/internal/config/loader.go:173.2,173.17 1 1
bitso-trading-platform/backtesting/internal/config/validation.go:9.35,10.58 1 1
bitso-trading-platform/backtesting/internal/config/validation.go:10.58,12.3 1 0
bitso-trading-platform/backtesting/internal/config/validation.go:14.2,14.64 1 1
bitso-trading-platform/backtesting/internal/config/validation.go:14.64,16.3 1 0
bitso-trading-platform/backtesting/internal/config/validation.go:18.2,18.54 1 1
bitso-trading-platform/backtesting/internal/config/validation.go:18.54,20.3 1 0
bitso-trading-platform/backtesting/internal/config/validation.go:22.2,22.58 1 1
bitso-trading-platform/backtesting/internal/config/validation.go:22.58,24.3 1 0
bitso-trading-platform/backtesting/internal/config/validation.go:26.2,26.62 1 1
bitso-trading-platform/backtesting/internal/config/validation.go:26.62,28.3 1 0
bitso-trading-platform/backtesting/internal/config/validation.go:30.2,30.58 1 1
bitso-trading-platform/backtesting/internal/config/validation.go:30.58,32.3 1 0
bitso-trading-platform/backtesting/internal/config/validation.go:34.2,34.58 1 1
bitso-trading-platform/backtesting/internal/config/validation.go:34.58,36.3 1 0
bitso-trading-platform/backtesting/internal/config/validation.go:38.2,38.12 1 1
bitso-trading-platform/backtesting/internal/config/validation.go:42.54,43.20 1 1
bitso-trading-platform/backtesting/internal/config/validation.go:43.20,45.3 1 1
bitso-trading-platform/backtesting/internal/config/validation.go:47.2,47.39 1 1
bitso-trading-platform/backtesting/internal/config/validation.go:47.39,49.3 1 1
bitso-trading-platform/backtesting/internal/config/validation.go:51.2,51.20 1 1
bitso-trading-platform/backtesting/internal/config/validation.go:51.20,53.3 1 0
bitso-trading-platform/backtesting/internal/config/validation.go:56.2,62.41 2 1
bitso-trading-platform/backtesting/internal/config/validation.go:62.41,64.3 1 1
bitso-trading-platform/backtesting/internal/config/validation.go:66.2,66.12 1 1
bitso-trading-platform/backtesting/internal/config/validation.go:70.60,71.23 1 1
bitso-trading-platform/backtesting/internal/config/validation.go:71.23,73.3 1 1
bitso-trading-platform/backtesting/internal/config/validation.go:76.2,76.95 1 1
bitso-trading-platform/backtesting/internal/config/validation.go:76.95,78.3 1 1
bitso-trading-platform/backtesting/internal/config/validation.go:80.2,80.22 1 1
bitso-trading-platform/backtesting/internal/config/validation.go:80.22,82.3 1 0
bitso-trading-platform/backtesting/internal/config/validation.go:84.2,84.24 1 1
bitso-trading-platform/backtesting/internal/config/validation.go:84.24,86.3 1 0
bitso-trading-platform/backtesting/internal/config/validation.go:88.2,88.25 1 1
bitso-trading-platform/backtesting/internal/config/validation.go:88.25,90.3 1 1
bitso-trading-platform/backtesting/internal/config/validation.go:92.2,92.24 1 1
bitso-trading-platform/backtesting/internal/config/validation.go:92.24,94.3 1 0
bitso-trading-platform/backtesting/internal/config/validation.go:96.2,96.12 1 1
bitso-trading-platform/backtesting/internal/config/validation.go:100.50,101.20 1 1
bitso-trading-platform/backtesting/internal/config/validation.go:101.20,103.3 1 0
bitso-trading-platform/backtesting/internal/config/validation.go:105.2,105.39 1 1
bitso-trading-platform/backtesting/internal/config/validation.go:105.39,107.3 1 0
bitso-trading-platform/backtesting/internal/config/validation.go:109.2,109.31 1 1
bitso-trading-platform/backtesting/internal/config/validation.go:109.31,111.3 1 0
bitso-trading-platform/backtesting/internal/config/validation.go:113.2,113.23 1 1
bitso-trading-platform/backtesting/internal/config/validation.go:113.23,115.3 1 0
bitso-trading-platform/backtesting/internal/config/validation.go:117.2,117.24 1 1
bitso-trading-platform/backtesting/internal/config/validation.go:117.24,119.3 1 0
bitso-trading-platform/backtesting/internal/config/validation.go:121.2,121.12 1 1
bitso-trading-platform/backtesting/internal/config/validation.go:125.54,132.27 2 1
bitso-trading-platform/backtesting/internal/config/validation.go:132.27,134.3 1 1
bitso-trading-platform/backtesting/internal/config/validation.go:137.2,137.42 1 1
bitso-trading-platform/backtesting/internal/config/validation.go:137.42,139.3 1 1
bitso-trading-platform/backtesting/internal/config/validation.go:141.2,141.27 1 1
bitso-trading-platform/backtesting/internal/config/validation.go:141.27,143.3 1 0
bitso-trading-platform/backtesting/internal/config/validation.go:145.2,145.30 1 1
bitso-trading-platform/backtesting/internal/config/validation.go:145.30,147.3 1 0
bitso-trading-platform/backtesting/internal/config/validation.go:149.2,149.12 1 1
bitso-trading-platform/backtesting/internal/config/validation.go:153.58,154.37 1 1
bitso-trading-platform/backtesting/internal/config/validation.go:154.37,156.3 1 0
bitso-trading-platform/backtesting/internal/config/validation.go:158.2,158.37 1 1
bitso-trading-platform/backtesting/internal/config/validation.go:158.37,160.3 1 0
bitso-trading-platform/backtesting/internal/config/validation.go:163.2,169.44 2 1
bitso-trading-platform/backtesting/internal/config/validation.go:169.44,171.3 1 0
bitso-trading-platform/backtesting/internal/config/validation.go:173.2,173.34 1 1
bitso-trading-platform/backtesting/internal/config/validation.go:173.34,175.3 1 0
bitso-trading-platform/backtesting/internal/config/validation.go:177.2,177.36 1 1
bitso-trading-platform/backtesting/internal/config/validation.go:177.36,179.3 1 0
bitso-trading-platform/backtesting/internal/config/validation.go:181.2,181.35 1 1
bitso-trading-platform/backtesting/internal/config/validation.go:181.35,183.3 1 0
bitso-trading-platform/backtesting/internal/config/validation.go:185.2,185.37 1 1
bitso-trading-platform/backtesting/internal/config/validation.go:185.37,187.3 1 0
bitso-trading-platform/backtesting/internal/config/validation.go:189.2,189.29 1 1
bitso-trading-platform/backtesting/internal/config/validation.go:189.29,191.3 1 0
bitso-trading-platform/backtesting/internal/config/validation.go:193.2,193.29 1 1
bitso-trading-platform/backtesting/internal/config/validation.go:193.29,195.3 1 0
bitso-trading-platform/backtesting/internal/config/validation.go:197.2,197.37 1 1
bitso-trading-platform/backtesting/internal/config/validation.go:197.37,199.3 1 0
bitso-trading-platform/backtesting/internal/config/validation.go:201.2,201.12 1 1
bitso-trading-platform/backtesting/internal/config/validation.go:205.54,216.46 2 1
bitso-trading-platform/backtesting/internal/config/validation.go:216.46,218.3 1 0
bitso-trading-platform/backtesting/internal/config/validation.go:221.2,225.31 2 1
bitso-trading-platform/backtesting/internal/config/validation.go:225.31,227.3 1 0
bitso-trading-platform/backtesting/internal/config/validation.go:230.2,230.22 1 1
bitso-trading-platform/backtesting/internal/config/validation.go:230.22,232.3 1 0
bitso-trading-platform/backtesting/internal/config/validation.go:234.2,234.12 1 1
bitso-trading-platform/backtesting/internal/config/validation.go:238.54,239.18 1 1
bitso-trading-platform/backtesting/internal/config/validation.go:239.18,241.3 1 0
bitso-trading-platform/backtesting/internal/config/validation.go:243.2,243.39 1 1
bitso-trading-platform/backtesting/internal/config/validation.go:243.39,245.3 1 0
bitso-trading-platform/backtesting/internal/config/validation.go:247.2,247.20 1 1
bitso-trading-platform/backtesting/internal/config/validation.go:247.20,249.3 1 0
bitso-trading-platform/backtesting/internal/config/validation.go:251.2,251.39 1 1
bitso-trading-platform/backtesting/internal/config/validation.go:251.39,253.3 1 0
bitso-trading-platform/backtesting/internal/config/validation.go:255.2,255.12 1 1
bitso-trading-platform/backtesting/internal/models/backtest.go:36.52,46.2 2 1
bitso-trading-platform/backtesting/internal/models/backtest.go:49.28,54.2 4 1
bitso-trading-platform/backtesting/internal/models/backtest.go:57.53,58.18 1 1
bitso-trading-platform/backtesting/internal/models/backtest.go:58.18,60.3 1 1
bitso-trading-platform/backtesting/internal/models/backtest.go:61.2,61.20 1 1
bitso-trading-platform/backtesting/internal/models/backtest.go:61.20,63.3 1 1
bitso-trading-platform/backtesting/internal/models/backtest.go:64.2,65.26 2 1
bitso-trading-platform/backtesting/internal/models/backtest.go:69.53,76.2 6 1
bitso-trading-platform/backtesting/internal/models/backtest.go:79.36,85.2 5 1
bitso-trading-platform/backtesting/internal/models/backtest.go:88.29,93.2 4 1
bitso-trading-platform/backtesting/internal/models/backtest.go:96.36,98.2 1 1
bitso-trading-platform/backtesting/internal/models/backtest.go:101.39,105.2 1 1
bitso-trading-platform/backtesting/internal/models/backtest.go:108.45,109.24 1 1
bitso-trading-platform/backtesting/internal/models/backtest.go:109.24,111.3 1 1
bitso-trading-platform/backtesting/internal/models/backtest.go:113.2,114.26 2 1
bitso-trading-platform/backtesting/internal/models/backtest.go:114.26,116.3 1 0
bitso-trading-platform/backtesting/internal/models/backtest.go:118.2,118.34 1 1
bitso-trading-platform/backtesting/internal/models/backtest.go:122.45,124.2 1 1
bitso-trading-platform/backtesting/internal/models/backtest.go:127.55,129.56 2 1
bitso-trading-platform/backtesting/internal/models/backtest.go:129.56,131.3 1 0
bitso-trading-platform/backtesting/internal/models/backtest.go:132.2,132.23 1 1
bitso-trading-platform/backtesting/internal/models/backtest.go:137.34,139.2 1 1
bitso-trading-platform/backtesting/internal/models/config.go:48.89,65.2 1 1
bitso-trading-platform/backtesting/internal/models/config.go:68.43,69.18 1 1
bitso-trading-platform/backtesting/internal/models/config.go:69.18,71.3 1 1
bitso-trading-platform/backtesting/internal/models/config.go:73.2,73.18 1 1
bitso-trading-platform/backtesting/internal/models/config.go:73.18,75.3 1 1
bitso-trading-platform/backtesting/internal/models/config.go:77.2,77.26 1 1
bitso-trading-platform/backtesting/internal/models/config.go:77.26,79.3 1 0
bitso-trading-platform/backtesting/internal/models/config.go:81.2,81.24 1 1
bitso-trading-platform/backtesting/internal/models/config.go:81.24,83.3 1 0
bitso-trading-platform/backtesting/internal/models/config.go:85.2,85.35 1 1
bitso-trading-platform/backtesting/internal/models/config.go:85.35,87.3 1 1
bitso-trading-platform/backtesting/internal/models/config.go:89.2,89.27 1 1
bitso-trading-platform/backtesting/internal/models/config.go:89.27,91.3 1 1
bitso-trading-platform/backtesting/internal/models/config.go:93.2,93.22 1 1
bitso-trading-platform/backtesting/internal/models/config.go:93.22,95.3 1 0
bitso-trading-platform/backtesting/internal/models/config.go:98.2,103.43 2 1
bitso-trading-platform/backtesting/internal/models/config.go:103.43,105.3 1 1
bitso-trading-platform/backtesting/internal/models/config.go:107.2,107.54 1 1
bitso-trading-platform/backtesting/internal/models/config.go:107.54,109.3 1 0
bitso-trading-platform/backtesting/internal/models/config.go:111.2,111.26 1 1
bitso-trading-platform/backtesting/internal/models/config.go:111.26,113.3 1 0
bitso-trading-platform/backtesting/internal/models/config.go:116.2,120.37 2 1
bitso-trading-platform/backtesting/internal/models/config.go:120.37,122.3 1 0
bitso-trading-platform/backtesting/internal/models/config.go:124.2,124.12 1 1
bitso-trading-platform/backtesting/internal/models/config.go:128.54,130.2 1 1
bitso-trading-platform/backtesting/internal/models/config.go:133.40,135.2 1 1
bitso-trading-platform/backtesting/internal/models/config.go:138.50,142.29 2 1
bitso-trading-platform/backtesting/internal/models/config.go:142.29,144.38 2 1
bitso-trading-platform/backtesting/internal/models/config.go:144.38,146.4 1 1
bitso-trading-platform/backtesting/internal/models/config.go:149.2,149.15 1 1
bitso-trading-platform/backtesting/internal/models/config.go:153.103,157.2 3 1
bitso-trading-platform/backtesting/internal/models/config.go:160.78,163.2 2 1
bitso-trading-platform/backtesting/internal/models/config.go:166.84,170.2 3 1
bitso-trading-platform/backtesting/internal/models/config.go:173.71,176.2 2 1
bitso-trading-platform/backtesting/internal/models/config.go:179.32,181.2 1 1
bitso-trading-platform/backtesting/internal/models/event.go:28.53,35.2 1 1
bitso-trading-platform/backtesting/internal/models/event.go:38.56,45.2 1 1
bitso-trading-platform/backtesting/internal/models/event.go:48.89,55.2 1 1
bitso-trading-platform/backtesting/internal/models/event.go:58.56,59.35 1 1
bitso-trading-platform/backtesting/internal/models/event.go:59.35,61.3 1 0
bitso-trading-platform/backtesting/internal/models/event.go:63.2,64.9 2 1
bitso-trading-platform/backtesting/internal/models/event.go:64.9,66.3 1 0
bitso-trading-platform/backtesting/internal/models/event.go:68.2,68.19 1 1
bitso-trading-platform/backtesting/internal/models/event.go:72.58,73.36 1 1
bitso-trading-platform/backtesting/internal/models/event.go:73.36,75.3 1 1
bitso-trading-platform/backtesting/internal/models/event.go:77.2,78.9 2 1
bitso-trading-platform/backtesting/internal/models/event.go:78.9,80.3 1 0
bitso-trading-platform/backtesting/internal/models/event.go:82.2,82.20 1 1
bitso-trading-platform/backtesting/internal/models/event.go:86.59,87.39 1 1
bitso-trading-platform/backtesting/internal/models/event.go:87.39,89.3 1 0
bitso-trading-platform/backtesting/internal/models/event.go:91.2,91.20 1 1
bitso-trading-platform/backtesting/internal/models/event.go:95.43,97.2 1 1
bitso-trading-platform/backtesting/internal/models/event.go:100.44,102.2 1 1
bitso-trading-platform/backtesting/internal/models/event.go:105.47,107.2 1 1
bitso-trading-platform/backtesting/internal/models/event.go:110.51,111.21 1 1
bitso-trading-platform/backtesting/internal/models/event.go:112.22,114.17 2 0
bitso-trading-platform/backtesting/internal/models/event.go:114.17,116.4 1 0
bitso-trading-platform/backtesting/internal/models/event.go:117.3,117.36 1 0
bitso-trading-platform/backtesting/internal/models/event.go:119.23,121.17 2 1
bitso-trading-platform/backtesting/internal/models/event.go:121.17,123.4 1 0
bitso-trading-platform/backtesting/internal/models/event.go:125.3,125.36 1 1
bitso-trading-platform/backtesting/internal/models/event.go:127.10,128.76 1 1
bitso-trading-platform/backtesting/internal/models/event.go:133.52,134.35 1 1
bitso-trading-platform/backtesting/internal/models/event.go:134.35,136.3 1 1
bitso-trading-platform/backtesting/internal/models/event.go:138.2,139.16 2 1
bitso-trading-platform/backtesting/internal/models/event.go:139.16,141.3 1 0
bitso-trading-platform/backtesting/internal/models/event.go:143.2,143.36 1 1
bitso-trading-platform/backtesting/internal/models/event.go:147.49,148.35 1 1
bitso-trading-platform/backtesting/internal/models/event.go:148.35,150.3 1 1
bitso-trading-platform/backtesting/internal/models/event.go:152.2,153.16 2 1
bitso-trading-platform/backtesting/internal/models/event.go:153.16,155.3 1 0
bitso-trading-platform/backtesting/internal/models/event.go:157.2,157.38 1 1
bitso-trading-platform/backtesting/internal/models/event.go:161.40,162.18 1 1
bitso-trading-platform/backtesting/internal/models/event.go:162.18,164.3 1 1
bitso-trading-platform/backtesting/internal/models/event.go:166.2,166.26 1 1
bitso-trading-platform/backtesting/internal/models/event.go:166.26,168.3 1 1
bitso-trading-platform/backtesting/internal/models/event.go:170.2,176.30 2 1
bitso-trading-platform/backtesting/internal/models/event.go:176.30,178.3 1 0
bitso-trading-platform/backtesting/internal/models/event.go:180.2,180.19 1 1
bitso-trading-platform/backtesting/internal/models/event.go:180.19,182.3 1 1
bitso-trading-platform/backtesting/internal/models/event.go:184.2,184.12 1 1
bitso-trading-platform/backtesting/internal/models/event.go:188.39,191.2 1 1
bitso-trading-platform/backtesting/internal/models/event.go:194.55,195.41 1 1
bitso-trading-platform/backtesting/internal/models/event.go:195.41,197.3 1 1
bitso-trading-platform/backtesting/internal/models/event.go:197.8,197.47 1 1
bitso-trading-platform/backtesting/internal/models/event.go:197.47,199.3 1 1
bitso-trading-platform/backtesting/internal/models/event.go:200.2,200.10 1 1
bitso-trading-platform/backtesting/internal/models/portfolio.go:20.41,30.2 1 1
bitso-trading-platform/backtesting/internal/models/portfolio.go:33.51,34.17 1 1
bitso-trading-platform/backtesting/internal/models/portfolio.go:34.17,36.3 1 1
bitso-trading-platform/backtesting/internal/models/portfolio.go:39.2,43.17 4 1
bitso-trading-platform/backtesting/internal/models/portfolio.go:43.17,45.3 1 1
bitso-trading-platform/backtesting/internal/models/portfolio.go:47.2,48.27 2 1
bitso-trading-platform/backtesting/internal/models/portfolio.go:53.62,54.32 1 1
bitso-trading-platform/backtesting/internal/models/portfolio.go:54.32,56.3 1 1
bitso-trading-platform/backtesting/internal/models/portfolio.go:59.2,59.21 1 1
bitso-trading-platform/backtesting/internal/models/portfolio.go:59.21,61.3 1 1
bitso-trading-platform/backtesting/internal/models/portfolio.go:64.2,71.17 4 1
bitso-trading-platform/backtesting/internal/models/portfolio.go:71.17,75.3 3 1
bitso-trading-platform/backtesting/internal/models/portfolio.go:77.2,80.19 3 1
bitso-trading-platform/backtesting/internal/models/portfolio.go:84.54,88.2 3 1
bitso-trading-platform/backtesting/internal/models/portfolio.go:91.52,92.17 1 1
bitso-trading-platform/backtesting/internal/models/portfolio.go:92.17,95.3 2 1
bitso-trading-platform/backtesting/internal/models/portfolio.go:98.2,99.23 2 1
bitso-trading-platform/backtesting/internal/models/portfolio.go:103.35,105.2 1 1
bitso-trading-platform/backtesting/internal/models/portfolio.go:108.34,110.2 1 1
bitso-trading-platform/backtesting/internal/models/portfolio.go:113.35,115.2 1 1
bitso-trading-platform/backtesting/internal/models/portfolio.go:118.39,120.2 1 1
bitso-trading-platform/backtesting/internal/models/portfolio.go:123.51,124.22 1 1
bitso-trading-platform/backtesting/internal/models/portfolio.go:124.22,126.3 1 0
bitso-trading-platform/backtesting/internal/models/portfolio.go:127.2,127.45 1 1
bitso-trading-platform/backtesting/internal/models/portfolio.go:131.38,141.2 1 1
bitso-trading-platform/backtesting/internal/models/portfolio.go:144.37,145.18 1 1
bitso-trading-platform/backtesting/internal/models/portfolio.go:145.18,147.3 1 1
bitso-trading-platform/backtesting/internal/models/portfolio.go:149.2,149.24 1 1
bitso-trading-platform/backtesting/internal/models/portfolio.go:149.24,151.3 1 1
bitso-trading-platform/backtesting/internal/models/portfolio.go:153.2,153.24 1 1
bitso-trading-platform/backtesting/internal/models/portfolio.go:153.24,155.3 1 0
bitso-trading-platform/backtesting/internal/models/portfolio.go:157.2,157.21 1 1
bitso-trading-platform/backtesting/internal/models/portfolio.go:157.21,159.3 1 0
bitso-trading-platform/backtesting/internal/models/portfolio.go:161.2,161.12 1 1
bitso-trading-platform/backtesting/internal/models/portfolio.go:165.36,167.16 2 1
bitso-trading-platform/backtesting/internal/models/portfolio.go:167.16,169.3 1 1
bitso-trading-platform/backtesting/internal/models/portfolio.go:169.8,169.24 1 0
bitso-trading-platform/backtesting/internal/models/portfolio.go:169.24,171.3 1 0
bitso-trading-platform/backtesting/internal/models/portfolio.go:173.2,175.44 1 1
bitso-trading-platform/backtesting/internal/models/result.go:79.69,92.2 1 1
bitso-trading-platform/backtesting/internal/models/result.go:95.48,97.2 1 1
bitso-trading-platform/backtesting/internal/models/result.go:100.60,102.2 1 1
bitso-trading-platform/backtesting/internal/models/result.go:105.66,107.2 1 1
bitso-trading-platform/backtesting/internal/models/result.go:110.42,116.2 5 1
bitso-trading-platform/backtesting/internal/models/result.go:119.48,125.2 5 1
bitso-trading-platform/backtesting/internal/models/result.go:128.51,130.2 1 1
bitso-trading-platform/backtesting/internal/models/result.go:133.67,135.54 2 1
bitso-trading-platform/backtesting/internal/models/result.go:135.54,137.3 1 0
bitso-trading-platform/backtesting/internal/models/result.go:138.2,138.21 1 1
bitso-trading-platform/backtesting/internal/models/result.go:142.46,144.2 1 1
bitso-trading-platform/backtesting/internal/models/result.go:147.53,149.33 2 1
bitso-trading-platform/backtesting/internal/models/result.go:149.33,150.24 1 1
bitso-trading-platform/backtesting/internal/models/result.go:150.24,152.4 1 1
bitso-trading-platform/backtesting/internal/models/result.go:154.2,154.16 1 1
bitso-trading-platform/backtesting/internal/models/result.go:158.52,160.33 2 1
bitso-trading-platform/backtesting/internal/models/result.go:160.33,161.23 1 1
bitso-trading-platform/backtesting/internal/models/result.go:161.23,163.4 1 1
bitso-trading-platform/backtesting/internal/models/result.go:165.2,165.15 1 1
bitso-trading-platform/backtesting/internal/models/result.go:169.32,171.2 1 1
bitso-trading-platform/backtesting/internal/models/trade.go:27.112,39.2 1 1
bitso-trading-platform/backtesting/internal/models/trade.go:42.62,47.2 4 1
bitso-trading-platform/backtesting/internal/models/trade.go:50.31,51.21 1 1
bitso-trading-platform/backtesting/internal/models/trade.go:51.21,54.3 1 1
bitso-trading-platform/backtesting/internal/models/trade.go:54.8,57.3 1 1
bitso-trading-platform/backtesting/internal/models/trade.go:60.2,63.22 2 1
bitso-trading-platform/backtesting/internal/models/trade.go:63.22,65.3 1 1
bitso-trading-platform/backtesting/internal/models/trade.go:69.34,71.2 1 1
bitso-trading-platform/backtesting/internal/models/trade.go:74.33,76.2 1 1
bitso-trading-platform/backtesting/internal/models/trade.go:79.36,81.2 1 1
bitso-trading-platform/backtesting/internal/models/trade.go:84.52,86.2 1 1
bitso-trading-platform/backtesting/internal/models/trade.go:89.40,91.2 1 1
bitso-trading-platform/backtesting/internal/models/trade.go:94.39,96.2 1 1
bitso-trading-platform/backtesting/internal/models/trade.go:99.40,101.2 1 0
bitso-trading-platform/backtesting/internal/models/trade.go:104.42,106.2 1 1
bitso-trading-platform/backtesting/internal/models/trade.go:109.34,110.18 1 1
bitso-trading-platform/backtesting/internal/models/trade.go:110.18,112.3 1 0
bitso-trading-platform/backtesting/internal/models/trade.go:114.2,114.41 1 1
bitso-trading-platform/backtesting/internal/models/trade.go:114.41,116.3 1 1
bitso-trading-platform/backtesting/internal/models/trade.go:118.2,118.23 1 1
bitso-trading-platform/backtesting/internal/models/trade.go:118.23,120.3 1 1
bitso-trading-platform/backtesting/internal/models/trade.go:122.2,122.22 1 1
bitso-trading-platform/backtesting/internal/models/trade.go:122.22,124.3 1 0
bitso-trading-platform/backtesting/internal/models/trade.go:126.2,126.19 1 1
bitso-trading-platform/backtesting/internal/models/trade.go:126.19,128.3 1 0
bitso-trading-platform/backtesting/internal/models/trade.go:130.2,130.26 1 1
bitso-trading-platform/backtesting/internal/models/trade.go:130.26,132.3 1 0
bitso-trading-platform/backtesting/internal/models/trade.go:134.2,134.25 1 1
bitso-trading-platform/backtesting/internal/models/trade.go:134.25,136.3 1 0
bitso-trading-platform/backtesting/internal/models/trade.go:138.2,138.36 1 1
bitso-trading-platform/backtesting/internal/models/trade.go:138.36,140.3 1 0
bitso-trading-platform/backtesting/internal/models/trade.go:142.2,142.12 1 1
bitso-trading-platform/backtesting/internal/models/trade.go:146.33,150.2 1 1
bitso-trading-platform/backtesting/internal/models/trade.go:153.31,155.2 1 1
bitso-trading-platform/backtesting/internal/models/validation.go:10.59,11.19 1 0
bitso-trading-platform/backtesting/internal/models/validation.go:11.19,13.3 1 0
bitso-trading-platform/backtesting/internal/models/validation.go:15.2,15.26 1 0
bitso-trading-platform/backtesting/internal/models/validation.go:19.52,20.20 1 1
bitso-trading-platform/backtesting/internal/models/validation.go:20.20,22.3 1 1
bitso-trading-platform/backtesting/internal/models/validation.go:24.2,24.18 1 1
bitso-trading-platform/backtesting/internal/models/validation.go:24.18,26.3 1 1
bitso-trading-platform/backtesting/internal/models/validation.go:28.2,28.23 1 1
bitso-trading-platform/backtesting/internal/models/validation.go:28.23,31.3 1 1
bitso-trading-platform/backtesting/internal/models/validation.go:34.2,36.28 3 1
bitso-trading-platform/backtesting/internal/models/validation.go:36.28,38.3 1 1
bitso-trading-platform/backtesting/internal/models/validation.go:41.2,41.29 1 1
bitso-trading-platform/backtesting/internal/models/validation.go:41.29,43.3 1 1
bitso-trading-platform/backtesting/internal/models/validation.go:45.2,45.12 1 1
bitso-trading-platform/backtesting/internal/models/validation.go:49.77,50.20 1 1
bitso-trading-platform/backtesting/internal/models/validation.go:50.20,52.3 1 1
bitso-trading-platform/backtesting/internal/models/validation.go:55.2,62.32 2 1
bitso-trading-platform/backtesting/internal/models/validation.go:62.32,64.3 1 1
bitso-trading-platform/backtesting/internal/models/validation.go:67.2,67.19 1 1
bitso-trading-platform/backtesting/internal/models/validation.go:67.19,69.3 1 1
bitso-trading-platform/backtesting/internal/models/validation.go:72.2,72.18 1 1
bitso-trading-platform/backtesting/internal/models/validation.go:73.15,74.45 1 1
bitso-trading-platform/backtesting/internal/models/validation.go:75.15,76.45 1 1
bitso-trading-platform/backtesting/internal/models/validation.go:77.19,78.49 1 1
bitso-trading-platform/backtesting/internal/models/validation.go:79.24,80.53 1 1
bitso-trading-platform/backtesting/internal/models/validation.go:83.2,83.12 1 0
bitso-trading-platform/backtesting/internal/models/validation.go:87.38,88.16 1 1
bitso-trading-platform/backtesting/internal/models/validation.go:88.16,90.3 1 0
bitso-trading-platform/backtesting/internal/models/validation.go:93.2,97.21 3 1
bitso-trading-platform/backtesting/internal/models/validation.go:97.21,99.3 1 1
bitso-trading-platform/backtesting/internal/models/validation.go:101.2,103.31 2 1
bitso-trading-platform/backtesting/internal/models/validation.go:103.31,105.3 1 0
bitso-trading-platform/backtesting/internal/models/validation.go:108.2,115.25 2 1
bitso-trading-platform/backtesting/internal/models/validation.go:115.25,117.3 1 0
bitso-trading-platform/backtesting/internal/models/validation.go:119.2,119.12 1 1
bitso-trading-platform/backtesting/internal/models/validation.go:123.45,124.18 1 1
bitso-trading-platform/backtesting/internal/models/validation.go:124.18,126.3 1 1
bitso-trading-platform/backtesting/internal/models/validation.go:129.2,132.26 3 1
bitso-trading-platform/backtesting/internal/models/validation.go:132.26,134.3 1 1
bitso-trading-platform/backtesting/internal/models/validation.go:136.2,136.26 1 1
bitso-trading-platform/backtesting/internal/models/validation.go:136.26,138.3 1 0
bitso-trading-platform/backtesting/internal/models/validation.go:140.2,140.12 1 1
bitso-trading-platform/backtesting/internal/models/validation.go:144.48,152.25 2 1
bitso-trading-platform/backtesting/internal/models/validation.go:152.25,154.3 1 1
bitso-trading-platform/backtesting/internal/models/validation.go:156.2,156.12 1 1
bitso-trading-platform/backtesting/internal/models/validation.go:160.49,161.14 1 1
bitso-trading-platform/backtesting/internal/models/validation.go:161.14,163.3 1 1
bitso-trading-platform/backtesting/internal/models/validation.go:166.2,167.20 2 1
bitso-trading-platform/backtesting/internal/models/validation.go:167.20,169.3 1 1
bitso-trading-platform/backtesting/internal/models/validation.go:171.2,171.12 1 1
bitso-trading-platform/backtesting/internal/models/validation.go:176.71,181.9 2 1
bitso-trading-platform/backtesting/internal/models/validation.go:181.9,183.3 1 0
bitso-trading-platform/backtesting/internal/models/validation.go:186.2,187.9 2 1
bitso-trading-platform/backtesting/internal/models/validation.go:187.9,189.3 1 0
bitso-trading-platform/backtesting/internal/models/validation.go:191.2,191.32 1 1
bitso-trading-platform/backtesting/internal/models/validation.go:191.32,193.3 1 0
bitso-trading-platform/backtesting/internal/models/validation.go:195.2,195.12 1 1
bitso-trading-platform/backtesting/internal/models/validation.go:198.71,205.27 3 1
bitso-trading-platform/backtesting/internal/models/validation.go:205.27,207.3 1 0
bitso-trading-platform/backtesting/internal/models/validation.go:209.2,209.12 1 1
bitso-trading-platform/backtesting/internal/models/validation.go:212.75,217.16 2 1
bitso-trading-platform/backtesting/internal/models/validation.go:217.16,219.3 1 0
bitso-trading-platform/backtesting/internal/models/validation.go:221.2,221.12 1 1
bitso-trading-platform/backtesting/internal/models/validation.go:224.79,231.30 3 1
bitso-trading-platform/backtesting/internal/models/validation.go:231.30,233.3 1 0
bitso-trading-platform/backtesting/internal/models/validation.go:235.2,235.12 1 1
bitso-trading-platform/backtesting/internal/models/validation.go:239.46,246.27 2 1
bitso-trading-platform/backtesting/internal/models/validation.go:246.27,248.3 1 1
bitso-trading-platform/backtesting/internal/models/validation.go:250.2,250.12 1 1
bitso-trading-platform/backtesting/internal/models/validation.go:254.52,264.38 2 1
bitso-trading-platform/backtesting/internal/models/validation.go:264.38,266.3 1 1
bitso-trading-platform/backtesting/internal/models/validation.go:268.2,268.12 1 1
